{"C:\\Users\\meeta\\Downloads\\Rutuja_Projects\\code-confessions\\src\\lib\\admin-api.ts": {"path":"C:\\Users\\meeta\\Downloads\\Rutuja_Projects\\code-confessions\\src\\lib\\admin-api.ts","statementMap":{"0":{"start":{"line":1,"column":16},"end":{"line":1,"column":null}},"1":{"start":{"line":5,"column":4},"end":{"line":5,"column":null}},"2":{"start":{"line":4,"column":21},"end":{"line":4,"column":37}},"3":{"start":{"line":6,"column":4},"end":{"line":6,"column":null}},"4":{"start":{"line":11,"column":14},"end":{"line":11,"column":null}},"5":{"start":{"line":12,"column":2},"end":{"line":21,"column":null}},"6":{"start":{"line":13,"column":19},"end":{"line":13,"column":null}},"7":{"start":{"line":14,"column":4},"end":{"line":19,"column":null}},"8":{"start":{"line":15,"column":24},"end":{"line":15,"column":null}},"9":{"start":{"line":16,"column":6},"end":{"line":16,"column":null}},"10":{"start":{"line":20,"column":4},"end":{"line":20,"column":null}},"11":{"start":{"line":22,"column":2},"end":{"line":22,"column":null}},"12":{"start":{"line":26,"column":2},"end":{"line":28,"column":null}},"13":{"start":{"line":32,"column":2},"end":{"line":39,"column":null}},"14":{"start":{"line":43,"column":2},"end":{"line":50,"column":null}},"15":{"start":{"line":54,"column":2},"end":{"line":61,"column":null}},"16":{"start":{"line":69,"column":2},"end":{"line":76,"column":null}},"17":{"start":{"line":80,"column":2},"end":{"line":87,"column":null}},"18":{"start":{"line":91,"column":2},"end":{"line":98,"column":null}},"19":{"start":{"line":102,"column":2},"end":{"line":108,"column":null}}},"fnMap":{"0":{"name":"(anonymous_0)","decl":{"start":{"line":4,"column":2},"end":{"line":4,"column":21}},"loc":{"start":{"line":4,"column":54},"end":{"line":7,"column":null}},"line":4},"1":{"name":"fetchJson","decl":{"start":{"line":10,"column":15},"end":{"line":10,"column":25}},"loc":{"start":{"line":10,"column":61},"end":{"line":23,"column":null}},"line":10},"2":{"name":"fetchAdminData","decl":{"start":{"line":25,"column":22},"end":{"line":25,"column":37}},"loc":{"start":{"line":25,"column":52},"end":{"line":29,"column":null}},"line":25},"3":{"name":"grantModerator","decl":{"start":{"line":31,"column":22},"end":{"line":31,"column":37}},"loc":{"start":{"line":31,"column":71},"end":{"line":40,"column":null}},"line":31},"4":{"name":"toggleUserRole","decl":{"start":{"line":42,"column":22},"end":{"line":42,"column":37}},"loc":{"start":{"line":42,"column":92},"end":{"line":51,"column":null}},"line":42},"5":{"name":"dismissReport","decl":{"start":{"line":53,"column":22},"end":{"line":53,"column":36}},"loc":{"start":{"line":53,"column":69},"end":{"line":62,"column":null}},"line":53},"6":{"name":"deleteReportedContent","decl":{"start":{"line":64,"column":22},"end":{"line":64,"column":null}},"loc":{"start":{"line":68,"column":2},"end":{"line":77,"column":null}},"line":68},"7":{"name":"togglePostHidden","decl":{"start":{"line":79,"column":22},"end":{"line":79,"column":39}},"loc":{"start":{"line":79,"column":70},"end":{"line":88,"column":null}},"line":79},"8":{"name":"deletePostAdmin","decl":{"start":{"line":90,"column":22},"end":{"line":90,"column":38}},"loc":{"start":{"line":90,"column":69},"end":{"line":99,"column":null}},"line":90},"9":{"name":"adminLogin","decl":{"start":{"line":101,"column":22},"end":{"line":101,"column":33}},"loc":{"start":{"line":101,"column":69},"end":{"line":109,"column":null}},"line":101}},"branchMap":{"0":{"loc":{"start":{"line":1,"column":16},"end":{"line":1,"column":null}},"type":"binary-expr","locations":[{"start":{"line":1,"column":16},"end":{"line":1,"column":48}},{"start":{"line":1,"column":48},"end":{"line":1,"column":null}}],"line":1},"1":{"loc":{"start":{"line":12,"column":2},"end":{"line":21,"column":null}},"type":"if","locations":[{"start":{"line":12,"column":2},"end":{"line":21,"column":null}},{"start":{},"end":{}}],"line":12},"2":{"loc":{"start":{"line":16,"column":17},"end":{"line":16,"column":null}},"type":"binary-expr","locations":[{"start":{"line":16,"column":17},"end":{"line":16,"column":37}},{"start":{"line":16,"column":37},"end":{"line":16,"column":59}},{"start":{"line":16,"column":59},"end":{"line":16,"column":null}}],"line":16}},"s":{"0":2,"1":6,"2":6,"3":6,"4":15,"5":15,"6":6,"7":6,"8":6,"9":5,"10":6,"11":9,"12":8,"13":1,"14":1,"15":1,"16":1,"17":1,"18":1,"19":1},"f":{"0":6,"1":15,"2":8,"3":1,"4":1,"5":1,"6":1,"7":1,"8":1,"9":1},"b":{"0":[2,1],"1":[6,9],"2":[5,3,2]},"meta":{"lastBranch":3,"lastFunction":10,"lastStatement":20,"seen":{"s:1:16:1:Infinity":0,"b:1:16:1:48:1:48:1:Infinity":0,"f:4:2:4:21":0,"s:5:4:5:Infinity":1,"s:4:21:4:37":2,"s:6:4:6:Infinity":3,"f:10:15:10:25":1,"s:11:14:11:Infinity":4,"b:12:2:21:Infinity:undefined:undefined:undefined:undefined":1,"s:12:2:21:Infinity":5,"s:13:19:13:Infinity":6,"s:14:4:19:Infinity":7,"s:15:24:15:Infinity":8,"s:16:6:16:Infinity":9,"b:16:17:16:37:16:37:16:59:16:59:16:Infinity":2,"s:20:4:20:Infinity":10,"s:22:2:22:Infinity":11,"f:25:22:25:37":2,"s:26:2:28:Infinity":12,"f:31:22:31:37":3,"s:32:2:39:Infinity":13,"f:42:22:42:37":4,"s:43:2:50:Infinity":14,"f:53:22:53:36":5,"s:54:2:61:Infinity":15,"f:64:22:64:Infinity":6,"s:69:2:76:Infinity":16,"f:79:22:79:39":7,"s:80:2:87:Infinity":17,"f:90:22:90:38":8,"s:91:2:98:Infinity":18,"f:101:22:101:33":9,"s:102:2:108:Infinity":19}}}
,"C:\\Users\\meeta\\Downloads\\Rutuja_Projects\\code-confessions\\src\\lib\\auth-utils.ts": {"path":"C:\\Users\\meeta\\Downloads\\Rutuja_Projects\\code-confessions\\src\\lib\\auth-utils.ts","statementMap":{"0":{"start":{"line":3,"column":16},"end":{"line":3,"column":null}},"1":{"start":{"line":5,"column":19},"end":{"line":16,"column":null}},"2":{"start":{"line":18,"column":14},"end":{"line":29,"column":null}},"3":{"start":{"line":32,"column":14},"end":{"line":32,"column":null}},"4":{"start":{"line":33,"column":15},"end":{"line":33,"column":null}},"5":{"start":{"line":34,"column":14},"end":{"line":34,"column":null}},"6":{"start":{"line":35,"column":2},"end":{"line":35,"column":null}},"7":{"start":{"line":39,"column":2},"end":{"line":50,"column":null}},"8":{"start":{"line":40,"column":16},"end":{"line":40,"column":null}},"9":{"start":{"line":41,"column":4},"end":{"line":46,"column":null}},"10":{"start":{"line":42,"column":19},"end":{"line":42,"column":null}},"11":{"start":{"line":43,"column":6},"end":{"line":45,"column":null}},"12":{"start":{"line":44,"column":8},"end":{"line":44,"column":null}},"13":{"start":{"line":47,"column":4},"end":{"line":47,"column":null}},"14":{"start":{"line":49,"column":4},"end":{"line":49,"column":null}},"15":{"start":{"line":54,"column":2},"end":{"line":61,"column":null}},"16":{"start":{"line":55,"column":21},"end":{"line":55,"column":null}},"17":{"start":{"line":56,"column":4},"end":{"line":58,"column":null}},"18":{"start":{"line":57,"column":6},"end":{"line":57,"column":null}},"19":{"start":{"line":63,"column":32},"end":{"line":63,"column":null}},"20":{"start":{"line":64,"column":2},"end":{"line":69,"column":null}},"21":{"start":{"line":65,"column":17},"end":{"line":65,"column":null}},"22":{"start":{"line":66,"column":4},"end":{"line":68,"column":null}},"23":{"start":{"line":67,"column":6},"end":{"line":67,"column":null}},"24":{"start":{"line":70,"column":2},"end":{"line":70,"column":null}},"25":{"start":{"line":74,"column":14},"end":{"line":78,"column":null}},"26":{"start":{"line":79,"column":15},"end":{"line":79,"column":null}},"27":{"start":{"line":80,"column":2},"end":{"line":82,"column":null}},"28":{"start":{"line":81,"column":4},"end":{"line":81,"column":null}},"29":{"start":{"line":83,"column":2},"end":{"line":83,"column":null}},"30":{"start":{"line":84,"column":2},"end":{"line":84,"column":null}},"31":{"start":{"line":85,"column":2},"end":{"line":85,"column":null}},"32":{"start":{"line":89,"column":14},"end":{"line":93,"column":null}},"33":{"start":{"line":94,"column":15},"end":{"line":94,"column":null}},"34":{"start":{"line":95,"column":2},"end":{"line":97,"column":null}},"35":{"start":{"line":96,"column":4},"end":{"line":96,"column":null}},"36":{"start":{"line":98,"column":2},"end":{"line":98,"column":null}},"37":{"start":{"line":99,"column":2},"end":{"line":99,"column":null}},"38":{"start":{"line":100,"column":2},"end":{"line":100,"column":null}},"39":{"start":{"line":104,"column":14},"end":{"line":107,"column":null}},"40":{"start":{"line":108,"column":15},"end":{"line":108,"column":null}},"41":{"start":{"line":109,"column":2},"end":{"line":111,"column":null}},"42":{"start":{"line":110,"column":4},"end":{"line":110,"column":null}},"43":{"start":{"line":112,"column":2},"end":{"line":112,"column":null}},"44":{"start":{"line":113,"column":2},"end":{"line":113,"column":null}},"45":{"start":{"line":114,"column":2},"end":{"line":114,"column":null}}},"fnMap":{"0":{"name":"generateRandomUsername","decl":{"start":{"line":31,"column":16},"end":{"line":31,"column":49}},"loc":{"start":{"line":31,"column":49},"end":{"line":36,"column":null}},"line":31},"1":{"name":"generateLlmUsernames","decl":{"start":{"line":38,"column":15},"end":{"line":38,"column":64}},"loc":{"start":{"line":38,"column":64},"end":{"line":51,"column":null}},"line":38},"2":{"name":"getCuratedUsernameSuggestions","decl":{"start":{"line":53,"column":22},"end":{"line":53,"column":52}},"loc":{"start":{"line":53,"column":82},"end":{"line":71,"column":null}},"line":53},"3":{"name":"loginWithCredentials","decl":{"start":{"line":73,"column":22},"end":{"line":73,"column":43}},"loc":{"start":{"line":73,"column":79},"end":{"line":86,"column":null}},"line":73},"4":{"name":"signupWithCredentials","decl":{"start":{"line":88,"column":22},"end":{"line":88,"column":44}},"loc":{"start":{"line":88,"column":80},"end":{"line":101,"column":null}},"line":88},"5":{"name":"loginAsGuest","decl":{"start":{"line":103,"column":22},"end":{"line":103,"column":37}},"loc":{"start":{"line":103,"column":37},"end":{"line":115,"column":null}},"line":103}},"branchMap":{"0":{"loc":{"start":{"line":3,"column":16},"end":{"line":3,"column":null}},"type":"binary-expr","locations":[{"start":{"line":3,"column":16},"end":{"line":3,"column":48}},{"start":{"line":3,"column":48},"end":{"line":3,"column":null}}],"line":3},"1":{"loc":{"start":{"line":41,"column":4},"end":{"line":46,"column":null}},"type":"if","locations":[{"start":{"line":41,"column":4},"end":{"line":46,"column":null}},{"start":{},"end":{}}],"line":41},"2":{"loc":{"start":{"line":43,"column":6},"end":{"line":45,"column":null}},"type":"if","locations":[{"start":{"line":43,"column":6},"end":{"line":45,"column":null}},{"start":{},"end":{}}],"line":43},"3":{"loc":{"start":{"line":43,"column":10},"end":{"line":43,"column":50}},"type":"binary-expr","locations":[{"start":{"line":43,"column":10},"end":{"line":43,"column":33}},{"start":{"line":43,"column":33},"end":{"line":43,"column":50}}],"line":43},"4":{"loc":{"start":{"line":53,"column":52},"end":{"line":53,"column":82}},"type":"default-arg","locations":[{"start":{"line":53,"column":60},"end":{"line":53,"column":82}}],"line":53},"5":{"loc":{"start":{"line":56,"column":4},"end":{"line":58,"column":null}},"type":"if","locations":[{"start":{"line":56,"column":4},"end":{"line":58,"column":null}},{"start":{},"end":{}}],"line":56},"6":{"loc":{"start":{"line":56,"column":8},"end":{"line":56,"column":73}},"type":"binary-expr","locations":[{"start":{"line":56,"column":8},"end":{"line":56,"column":20}},{"start":{"line":56,"column":20},"end":{"line":56,"column":47}},{"start":{"line":56,"column":47},"end":{"line":56,"column":73}}],"line":56},"7":{"loc":{"start":{"line":66,"column":4},"end":{"line":68,"column":null}},"type":"if","locations":[{"start":{"line":66,"column":4},"end":{"line":68,"column":null}},{"start":{},"end":{}}],"line":66},"8":{"loc":{"start":{"line":80,"column":2},"end":{"line":82,"column":null}},"type":"if","locations":[{"start":{"line":80,"column":2},"end":{"line":82,"column":null}},{"start":{},"end":{}}],"line":80},"9":{"loc":{"start":{"line":80,"column":6},"end":{"line":80,"column":29}},"type":"binary-expr","locations":[{"start":{"line":80,"column":6},"end":{"line":80,"column":17}},{"start":{"line":80,"column":17},"end":{"line":80,"column":29}}],"line":80},"10":{"loc":{"start":{"line":81,"column":20},"end":{"line":81,"column":48}},"type":"binary-expr","locations":[{"start":{"line":81,"column":20},"end":{"line":81,"column":34}},{"start":{"line":81,"column":34},"end":{"line":81,"column":48}}],"line":81},"11":{"loc":{"start":{"line":95,"column":2},"end":{"line":97,"column":null}},"type":"if","locations":[{"start":{"line":95,"column":2},"end":{"line":97,"column":null}},{"start":{},"end":{}}],"line":95},"12":{"loc":{"start":{"line":95,"column":6},"end":{"line":95,"column":29}},"type":"binary-expr","locations":[{"start":{"line":95,"column":6},"end":{"line":95,"column":17}},{"start":{"line":95,"column":17},"end":{"line":95,"column":29}}],"line":95},"13":{"loc":{"start":{"line":96,"column":20},"end":{"line":96,"column":49}},"type":"binary-expr","locations":[{"start":{"line":96,"column":20},"end":{"line":96,"column":34}},{"start":{"line":96,"column":34},"end":{"line":96,"column":49}}],"line":96},"14":{"loc":{"start":{"line":109,"column":2},"end":{"line":111,"column":null}},"type":"if","locations":[{"start":{"line":109,"column":2},"end":{"line":111,"column":null}},{"start":{},"end":{}}],"line":109},"15":{"loc":{"start":{"line":109,"column":6},"end":{"line":109,"column":29}},"type":"binary-expr","locations":[{"start":{"line":109,"column":6},"end":{"line":109,"column":17}},{"start":{"line":109,"column":17},"end":{"line":109,"column":29}}],"line":109},"16":{"loc":{"start":{"line":110,"column":20},"end":{"line":110,"column":54}},"type":"binary-expr","locations":[{"start":{"line":110,"column":20},"end":{"line":110,"column":34}},{"start":{"line":110,"column":34},"end":{"line":110,"column":54}}],"line":110}},"s":{"0":2,"1":2,"2":2,"3":17,"4":17,"5":17,"6":17,"7":6,"8":6,"9":5,"10":3,"11":3,"12":1,"13":3,"14":2,"15":6,"16":6,"17":6,"18":1,"19":5,"20":5,"21":16,"22":16,"23":15,"24":5,"25":3,"26":3,"27":3,"28":2,"29":1,"30":1,"31":1,"32":3,"33":3,"34":3,"35":2,"36":1,"37":1,"38":1,"39":4,"40":4,"41":4,"42":2,"43":2,"44":2,"45":2},"f":{"0":17,"1":6,"2":6,"3":3,"4":3,"5":4},"b":{"0":[2,1],"1":[3,2],"2":[1,2],"3":[3,2],"4":[6],"5":[1,5],"6":[6,1,1],"7":[15,1],"8":[2,1],"9":[3,1],"10":[2,1],"11":[2,1],"12":[3,1],"13":[2,1],"14":[2,2],"15":[4,2],"16":[2,1]},"meta":{"lastBranch":17,"lastFunction":6,"lastStatement":46,"seen":{"s:3:16:3:Infinity":0,"b:3:16:3:48:3:48:3:Infinity":0,"s:5:19:16:Infinity":1,"s:18:14:29:Infinity":2,"f:31:16:31:49":0,"s:32:14:32:Infinity":3,"s:33:15:33:Infinity":4,"s:34:14:34:Infinity":5,"s:35:2:35:Infinity":6,"f:38:15:38:64":1,"s:39:2:50:Infinity":7,"s:40:16:40:Infinity":8,"b:41:4:46:Infinity:undefined:undefined:undefined:undefined":1,"s:41:4:46:Infinity":9,"s:42:19:42:Infinity":10,"b:43:6:45:Infinity:undefined:undefined:undefined:undefined":2,"s:43:6:45:Infinity":11,"b:43:10:43:33:43:33:43:50":3,"s:44:8:44:Infinity":12,"s:47:4:47:Infinity":13,"s:49:4:49:Infinity":14,"f:53:22:53:52":2,"b:53:60:53:82":4,"s:54:2:61:Infinity":15,"s:55:21:55:Infinity":16,"b:56:4:58:Infinity:undefined:undefined:undefined:undefined":5,"s:56:4:58:Infinity":17,"b:56:8:56:20:56:20:56:47:56:47:56:73":6,"s:57:6:57:Infinity":18,"s:63:32:63:Infinity":19,"s:64:2:69:Infinity":20,"s:65:17:65:Infinity":21,"b:66:4:68:Infinity:undefined:undefined:undefined:undefined":7,"s:66:4:68:Infinity":22,"s:67:6:67:Infinity":23,"s:70:2:70:Infinity":24,"f:73:22:73:43":3,"s:74:14:78:Infinity":25,"s:79:15:79:Infinity":26,"b:80:2:82:Infinity:undefined:undefined:undefined:undefined":8,"s:80:2:82:Infinity":27,"b:80:6:80:17:80:17:80:29":9,"s:81:4:81:Infinity":28,"b:81:20:81:34:81:34:81:48":10,"s:83:2:83:Infinity":29,"s:84:2:84:Infinity":30,"s:85:2:85:Infinity":31,"f:88:22:88:44":4,"s:89:14:93:Infinity":32,"s:94:15:94:Infinity":33,"b:95:2:97:Infinity:undefined:undefined:undefined:undefined":11,"s:95:2:97:Infinity":34,"b:95:6:95:17:95:17:95:29":12,"s:96:4:96:Infinity":35,"b:96:20:96:34:96:34:96:49":13,"s:98:2:98:Infinity":36,"s:99:2:99:Infinity":37,"s:100:2:100:Infinity":38,"f:103:22:103:37":5,"s:104:14:107:Infinity":39,"s:108:15:108:Infinity":40,"b:109:2:111:Infinity:undefined:undefined:undefined:undefined":14,"s:109:2:111:Infinity":41,"b:109:6:109:17:109:17:109:29":15,"s:110:4:110:Infinity":42,"b:110:20:110:34:110:34:110:54":16,"s:112:2:112:Infinity":43,"s:113:2:113:Infinity":44,"s:114:2:114:Infinity":45}}}
,"C:\\Users\\meeta\\Downloads\\Rutuja_Projects\\code-confessions\\src\\lib\\store.ts": {"path":"C:\\Users\\meeta\\Downloads\\Rutuja_Projects\\code-confessions\\src\\lib\\store.ts","statementMap":{"0":{"start":{"line":3,"column":16},"end":{"line":3,"column":null}},"1":{"start":{"line":4,"column":18},"end":{"line":4,"column":null}},"2":{"start":{"line":5,"column":26},"end":{"line":5,"column":null}},"3":{"start":{"line":8,"column":2},"end":{"line":8,"column":null}},"4":{"start":{"line":8,"column":37},"end":{"line":8,"column":null}},"5":{"start":{"line":9,"column":2},"end":{"line":9,"column":null}},"6":{"start":{"line":13,"column":2},"end":{"line":13,"column":null}},"7":{"start":{"line":14,"column":2},"end":{"line":14,"column":null}},"8":{"start":{"line":14,"column":20},"end":{"line":14,"column":null}},"9":{"start":{"line":18,"column":2},"end":{"line":18,"column":null}},"10":{"start":{"line":19,"column":2},"end":{"line":19,"column":null}},"11":{"start":{"line":23,"column":42},"end":{"line":23,"column":null}},"12":{"start":{"line":24,"column":16},"end":{"line":24,"column":null}},"13":{"start":{"line":25,"column":2},"end":{"line":27,"column":null}},"14":{"start":{"line":26,"column":4},"end":{"line":26,"column":null}},"15":{"start":{"line":28,"column":2},"end":{"line":30,"column":null}},"16":{"start":{"line":29,"column":4},"end":{"line":29,"column":null}},"17":{"start":{"line":31,"column":14},"end":{"line":35,"column":null}},"18":{"start":{"line":36,"column":2},"end":{"line":36,"column":null}},"19":{"start":{"line":95,"column":20},"end":{"line":95,"column":null}},"20":{"start":{"line":96,"column":24},"end":{"line":96,"column":null}},"21":{"start":{"line":98,"column":79},"end":{"line":103,"column":null}},"22":{"start":{"line":105,"column":21},"end":{"line":105,"column":null}},"23":{"start":{"line":108,"column":2},"end":{"line":127,"column":null}},"24":{"start":{"line":131,"column":2},"end":{"line":137,"column":null}},"25":{"start":{"line":141,"column":20},"end":{"line":141,"column":null}},"26":{"start":{"line":142,"column":26},"end":{"line":142,"column":null}},"27":{"start":{"line":143,"column":16},"end":{"line":143,"column":null}},"28":{"start":{"line":144,"column":52},"end":{"line":144,"column":null}},"29":{"start":{"line":145,"column":19},"end":{"line":145,"column":null}},"30":{"start":{"line":146,"column":18},"end":{"line":146,"column":null}},"31":{"start":{"line":147,"column":18},"end":{"line":147,"column":null}},"32":{"start":{"line":148,"column":21},"end":{"line":154,"column":null}},"33":{"start":{"line":157,"column":8},"end":{"line":157,"column":null}},"34":{"start":{"line":158,"column":13},"end":{"line":158,"column":null}},"35":{"start":{"line":159,"column":2},"end":{"line":161,"column":null}},"36":{"start":{"line":159,"column":15},"end":{"line":159,"column":18}},"37":{"start":{"line":160,"column":4},"end":{"line":160,"column":null}},"38":{"start":{"line":162,"column":2},"end":{"line":162,"column":null}},"39":{"start":{"line":163,"column":15},"end":{"line":163,"column":null}},"40":{"start":{"line":164,"column":14},"end":{"line":164,"column":null}},"41":{"start":{"line":165,"column":2},"end":{"line":165,"column":null}},"42":{"start":{"line":168,"column":23},"end":{"line":168,"column":null}},"43":{"start":{"line":169,"column":19},"end":{"line":169,"column":null}},"44":{"start":{"line":172,"column":16},"end":{"line":172,"column":null}},"45":{"start":{"line":173,"column":2},"end":{"line":173,"column":null}},"46":{"start":{"line":173,"column":14},"end":{"line":173,"column":null}},"47":{"start":{"line":175,"column":2},"end":{"line":202,"column":null}},"48":{"start":{"line":176,"column":17},"end":{"line":176,"column":null}},"49":{"start":{"line":178,"column":4},"end":{"line":184,"column":null}},"50":{"start":{"line":179,"column":6},"end":{"line":183,"column":null}},"51":{"start":{"line":186,"column":4},"end":{"line":186,"column":null}},"52":{"start":{"line":187,"column":4},"end":{"line":191,"column":null}},"53":{"start":{"line":188,"column":6},"end":{"line":190,"column":null}},"54":{"start":{"line":189,"column":8},"end":{"line":189,"column":null}},"55":{"start":{"line":193,"column":4},"end":{"line":193,"column":null}},"56":{"start":{"line":194,"column":4},"end":{"line":198,"column":null}},"57":{"start":{"line":195,"column":6},"end":{"line":197,"column":null}},"58":{"start":{"line":196,"column":8},"end":{"line":196,"column":null}},"59":{"start":{"line":199,"column":4},"end":{"line":199,"column":null}},"60":{"start":{"line":201,"column":4},"end":{"line":201,"column":null}},"61":{"start":{"line":205,"column":19},"end":{"line":205,"column":null}},"62":{"start":{"line":206,"column":14},"end":{"line":206,"column":null}},"63":{"start":{"line":209,"column":14},"end":{"line":209,"column":null}},"64":{"start":{"line":210,"column":15},"end":{"line":210,"column":null}},"65":{"start":{"line":211,"column":13},"end":{"line":211,"column":null}},"66":{"start":{"line":212,"column":17},"end":{"line":212,"column":null}},"67":{"start":{"line":214,"column":2},"end":{"line":220,"column":null}},"68":{"start":{"line":215,"column":16},"end":{"line":215,"column":null}},"69":{"start":{"line":216,"column":4},"end":{"line":216,"column":null}},"70":{"start":{"line":217,"column":4},"end":{"line":217,"column":null}},"71":{"start":{"line":223,"column":2},"end":{"line":223,"column":null}},"72":{"start":{"line":227,"column":2},"end":{"line":227,"column":null}},"73":{"start":{"line":227,"column":37},"end":{"line":227,"column":null}},"74":{"start":{"line":230,"column":24},"end":{"line":230,"column":null}},"75":{"start":{"line":231,"column":2},"end":{"line":233,"column":null}},"76":{"start":{"line":232,"column":4},"end":{"line":232,"column":null}},"77":{"start":{"line":236,"column":15},"end":{"line":236,"column":null}},"78":{"start":{"line":237,"column":2},"end":{"line":240,"column":null}},"79":{"start":{"line":238,"column":4},"end":{"line":238,"column":null}},"80":{"start":{"line":239,"column":4},"end":{"line":239,"column":null}},"81":{"start":{"line":242,"column":2},"end":{"line":242,"column":null}},"82":{"start":{"line":243,"column":2},"end":{"line":243,"column":null}},"83":{"start":{"line":244,"column":2},"end":{"line":244,"column":null}},"84":{"start":{"line":246,"column":2},"end":{"line":246,"column":null}},"85":{"start":{"line":249,"column":24},"end":{"line":249,"column":null}},"86":{"start":{"line":252,"column":2},"end":{"line":252,"column":null}},"87":{"start":{"line":252,"column":52},"end":{"line":252,"column":null}},"88":{"start":{"line":253,"column":2},"end":{"line":253,"column":null}},"89":{"start":{"line":256,"column":2},"end":{"line":263,"column":null}},"90":{"start":{"line":257,"column":24},"end":{"line":257,"column":null}},"91":{"start":{"line":258,"column":4},"end":{"line":260,"column":null}},"92":{"start":{"line":259,"column":6},"end":{"line":259,"column":null}},"93":{"start":{"line":262,"column":4},"end":{"line":262,"column":null}},"94":{"start":{"line":266,"column":16},"end":{"line":266,"column":null}},"95":{"start":{"line":267,"column":2},"end":{"line":287,"column":null}},"96":{"start":{"line":268,"column":4},"end":{"line":282,"column":null}},"97":{"start":{"line":269,"column":6},"end":{"line":281,"column":null}},"98":{"start":{"line":270,"column":8},"end":{"line":270,"column":null}},"99":{"start":{"line":271,"column":8},"end":{"line":271,"column":null}},"100":{"start":{"line":272,"column":8},"end":{"line":272,"column":null}},"101":{"start":{"line":275,"column":8},"end":{"line":275,"column":null}},"102":{"start":{"line":276,"column":8},"end":{"line":276,"column":null}},"103":{"start":{"line":277,"column":8},"end":{"line":277,"column":null}},"104":{"start":{"line":278,"column":8},"end":{"line":280,"column":null}},"105":{"start":{"line":279,"column":10},"end":{"line":279,"column":null}},"106":{"start":{"line":284,"column":4},"end":{"line":286,"column":null}},"107":{"start":{"line":285,"column":6},"end":{"line":285,"column":null}},"108":{"start":{"line":290,"column":2},"end":{"line":307,"column":null}},"109":{"start":{"line":291,"column":4},"end":{"line":306,"column":null}},"110":{"start":{"line":292,"column":40},"end":{"line":295,"column":null}},"111":{"start":{"line":297,"column":6},"end":{"line":299,"column":null}},"112":{"start":{"line":298,"column":8},"end":{"line":298,"column":null}},"113":{"start":{"line":300,"column":6},"end":{"line":302,"column":null}},"114":{"start":{"line":301,"column":8},"end":{"line":301,"column":null}},"115":{"start":{"line":303,"column":6},"end":{"line":303,"column":null}},"116":{"start":{"line":305,"column":6},"end":{"line":305,"column":null}},"117":{"start":{"line":310,"column":2},"end":{"line":327,"column":null}},"118":{"start":{"line":311,"column":4},"end":{"line":326,"column":null}},"119":{"start":{"line":312,"column":40},"end":{"line":315,"column":null}},"120":{"start":{"line":317,"column":6},"end":{"line":319,"column":null}},"121":{"start":{"line":318,"column":8},"end":{"line":318,"column":null}},"122":{"start":{"line":320,"column":6},"end":{"line":322,"column":null}},"123":{"start":{"line":321,"column":8},"end":{"line":321,"column":null}},"124":{"start":{"line":323,"column":6},"end":{"line":323,"column":null}},"125":{"start":{"line":331,"column":2},"end":{"line":337,"column":null}},"126":{"start":{"line":332,"column":4},"end":{"line":336,"column":null}},"127":{"start":{"line":333,"column":6},"end":{"line":333,"column":null}},"128":{"start":{"line":335,"column":6},"end":{"line":335,"column":null}},"129":{"start":{"line":338,"column":2},"end":{"line":338,"column":null}},"130":{"start":{"line":339,"column":2},"end":{"line":339,"column":null}},"131":{"start":{"line":339,"column":27},"end":{"line":339,"column":30}},"132":{"start":{"line":343,"column":2},"end":{"line":343,"column":null}},"133":{"start":{"line":344,"column":2},"end":{"line":344,"column":null}},"134":{"start":{"line":345,"column":2},"end":{"line":345,"column":null}},"135":{"start":{"line":345,"column":15},"end":{"line":345,"column":null}},"136":{"start":{"line":349,"column":2},"end":{"line":349,"column":null}},"137":{"start":{"line":350,"column":2},"end":{"line":350,"column":null}},"138":{"start":{"line":353,"column":23},"end":{"line":353,"column":null}},"139":{"start":{"line":356,"column":2},"end":{"line":356,"column":null}},"140":{"start":{"line":356,"column":57},"end":{"line":356,"column":71}},"141":{"start":{"line":360,"column":2},"end":{"line":360,"column":null}},"142":{"start":{"line":361,"column":2},"end":{"line":361,"column":null}},"143":{"start":{"line":362,"column":2},"end":{"line":362,"column":null}},"144":{"start":{"line":363,"column":2},"end":{"line":363,"column":null}},"145":{"start":{"line":363,"column":27},"end":{"line":363,"column":30}},"146":{"start":{"line":367,"column":2},"end":{"line":367,"column":null}},"147":{"start":{"line":368,"column":2},"end":{"line":368,"column":null}},"148":{"start":{"line":369,"column":2},"end":{"line":369,"column":null}},"149":{"start":{"line":373,"column":2},"end":{"line":373,"column":null}},"150":{"start":{"line":374,"column":2},"end":{"line":374,"column":null}},"151":{"start":{"line":375,"column":2},"end":{"line":377,"column":null}},"152":{"start":{"line":376,"column":4},"end":{"line":376,"column":null}},"153":{"start":{"line":378,"column":2},"end":{"line":378,"column":null}},"154":{"start":{"line":382,"column":2},"end":{"line":382,"column":null}},"155":{"start":{"line":383,"column":2},"end":{"line":383,"column":null}},"156":{"start":{"line":384,"column":2},"end":{"line":384,"column":null}},"157":{"start":{"line":385,"column":2},"end":{"line":385,"column":null}},"158":{"start":{"line":386,"column":2},"end":{"line":386,"column":null}},"159":{"start":{"line":387,"column":2},"end":{"line":387,"column":null}},"160":{"start":{"line":388,"column":2},"end":{"line":388,"column":null}},"161":{"start":{"line":389,"column":2},"end":{"line":389,"column":null}},"162":{"start":{"line":393,"column":2},"end":{"line":395,"column":null}},"163":{"start":{"line":394,"column":4},"end":{"line":394,"column":null}},"164":{"start":{"line":396,"column":2},"end":{"line":400,"column":null}},"165":{"start":{"line":397,"column":15},"end":{"line":397,"column":null}},"166":{"start":{"line":398,"column":14},"end":{"line":398,"column":null}},"167":{"start":{"line":399,"column":4},"end":{"line":399,"column":null}},"168":{"start":{"line":404,"column":15},"end":{"line":404,"column":null}},"169":{"start":{"line":405,"column":17},"end":{"line":405,"column":null}},"170":{"start":{"line":407,"column":2},"end":{"line":415,"column":null}},"171":{"start":{"line":408,"column":16},"end":{"line":410,"column":null}},"172":{"start":{"line":411,"column":4},"end":{"line":411,"column":null}},"173":{"start":{"line":412,"column":4},"end":{"line":412,"column":null}},"174":{"start":{"line":418,"column":2},"end":{"line":418,"column":null}},"175":{"start":{"line":424,"column":2},"end":{"line":424,"column":null}},"176":{"start":{"line":425,"column":13},"end":{"line":425,"column":null}},"177":{"start":{"line":426,"column":31},"end":{"line":445,"column":null}},"178":{"start":{"line":447,"column":2},"end":{"line":447,"column":null}},"179":{"start":{"line":448,"column":2},"end":{"line":448,"column":null}},"180":{"start":{"line":450,"column":2},"end":{"line":472,"column":null}},"181":{"start":{"line":451,"column":4},"end":{"line":471,"column":null}},"182":{"start":{"line":452,"column":6},"end":{"line":452,"column":null}},"183":{"start":{"line":453,"column":18},"end":{"line":465,"column":null}},"184":{"start":{"line":466,"column":6},"end":{"line":468,"column":null}},"185":{"start":{"line":467,"column":8},"end":{"line":467,"column":null}},"186":{"start":{"line":470,"column":6},"end":{"line":470,"column":null}},"187":{"start":{"line":474,"column":2},"end":{"line":474,"column":null}},"188":{"start":{"line":478,"column":2},"end":{"line":478,"column":null}},"189":{"start":{"line":479,"column":13},"end":{"line":479,"column":null}},"190":{"start":{"line":480,"column":37},"end":{"line":486,"column":null}},"191":{"start":{"line":488,"column":2},"end":{"line":488,"column":null}},"192":{"start":{"line":489,"column":2},"end":{"line":489,"column":null}},"193":{"start":{"line":491,"column":2},"end":{"line":501,"column":null}},"194":{"start":{"line":492,"column":4},"end":{"line":500,"column":null}},"195":{"start":{"line":493,"column":6},"end":{"line":493,"column":null}},"196":{"start":{"line":494,"column":18},"end":{"line":494,"column":null}},"197":{"start":{"line":495,"column":6},"end":{"line":497,"column":null}},"198":{"start":{"line":496,"column":8},"end":{"line":496,"column":null}},"199":{"start":{"line":499,"column":6},"end":{"line":499,"column":null}},"200":{"start":{"line":503,"column":2},"end":{"line":503,"column":null}},"201":{"start":{"line":507,"column":2},"end":{"line":507,"column":null}},"202":{"start":{"line":508,"column":14},"end":{"line":508,"column":null}},"203":{"start":{"line":510,"column":40},"end":{"line":510,"column":null}},"204":{"start":{"line":511,"column":2},"end":{"line":516,"column":null}},"205":{"start":{"line":512,"column":4},"end":{"line":515,"column":null}},"206":{"start":{"line":513,"column":6},"end":{"line":513,"column":null}},"207":{"start":{"line":514,"column":6},"end":{"line":514,"column":null}},"208":{"start":{"line":518,"column":17},"end":{"line":518,"column":null}},"209":{"start":{"line":520,"column":2},"end":{"line":531,"column":null}},"210":{"start":{"line":521,"column":4},"end":{"line":521,"column":null}},"211":{"start":{"line":521,"column":25},"end":{"line":521,"column":null}},"212":{"start":{"line":522,"column":22},"end":{"line":522,"column":null}},"213":{"start":{"line":524,"column":4},"end":{"line":526,"column":null}},"214":{"start":{"line":525,"column":6},"end":{"line":525,"column":null}},"215":{"start":{"line":527,"column":4},"end":{"line":529,"column":null}},"216":{"start":{"line":528,"column":6},"end":{"line":528,"column":null}},"217":{"start":{"line":530,"column":4},"end":{"line":530,"column":null}},"218":{"start":{"line":533,"column":2},"end":{"line":535,"column":null}},"219":{"start":{"line":534,"column":4},"end":{"line":534,"column":null}},"220":{"start":{"line":536,"column":2},"end":{"line":538,"column":null}},"221":{"start":{"line":537,"column":4},"end":{"line":537,"column":null}},"222":{"start":{"line":539,"column":2},"end":{"line":539,"column":null}},"223":{"start":{"line":541,"column":2},"end":{"line":570,"column":null}},"224":{"start":{"line":542,"column":4},"end":{"line":569,"column":null}},"225":{"start":{"line":543,"column":6},"end":{"line":543,"column":null}},"226":{"start":{"line":544,"column":18},"end":{"line":544,"column":null}},"227":{"start":{"line":545,"column":6},"end":{"line":566,"column":null}},"228":{"start":{"line":546,"column":8},"end":{"line":546,"column":null}},"229":{"start":{"line":548,"column":8},"end":{"line":558,"column":null}},"230":{"start":{"line":549,"column":10},"end":{"line":549,"column":null}},"231":{"start":{"line":549,"column":31},"end":{"line":549,"column":null}},"232":{"start":{"line":550,"column":28},"end":{"line":550,"column":null}},"233":{"start":{"line":551,"column":10},"end":{"line":553,"column":null}},"234":{"start":{"line":552,"column":12},"end":{"line":552,"column":null}},"235":{"start":{"line":554,"column":10},"end":{"line":556,"column":null}},"236":{"start":{"line":555,"column":12},"end":{"line":555,"column":null}},"237":{"start":{"line":557,"column":10},"end":{"line":557,"column":null}},"238":{"start":{"line":559,"column":8},"end":{"line":561,"column":null}},"239":{"start":{"line":560,"column":10},"end":{"line":560,"column":null}},"240":{"start":{"line":562,"column":8},"end":{"line":564,"column":null}},"241":{"start":{"line":563,"column":10},"end":{"line":563,"column":null}},"242":{"start":{"line":565,"column":8},"end":{"line":565,"column":null}},"243":{"start":{"line":568,"column":6},"end":{"line":568,"column":null}},"244":{"start":{"line":574,"column":2},"end":{"line":574,"column":null}},"245":{"start":{"line":578,"column":2},"end":{"line":578,"column":null}},"246":{"start":{"line":579,"column":2},"end":{"line":579,"column":null}},"247":{"start":{"line":580,"column":2},"end":{"line":582,"column":null}},"248":{"start":{"line":581,"column":4},"end":{"line":581,"column":null}},"249":{"start":{"line":583,"column":2},"end":{"line":583,"column":null}},"250":{"start":{"line":585,"column":2},"end":{"line":585,"column":null}},"251":{"start":{"line":589,"column":2},"end":{"line":589,"column":null}},"252":{"start":{"line":590,"column":2},"end":{"line":590,"column":null}},"253":{"start":{"line":591,"column":15},"end":{"line":591,"column":null}},"254":{"start":{"line":591,"column":33},"end":{"line":591,"column":48}},"255":{"start":{"line":592,"column":2},"end":{"line":592,"column":null}},"256":{"start":{"line":592,"column":13},"end":{"line":592,"column":null}},"257":{"start":{"line":593,"column":20},"end":{"line":593,"column":null}},"258":{"start":{"line":594,"column":2},"end":{"line":594,"column":null}},"259":{"start":{"line":594,"column":28},"end":{"line":594,"column":78}},"260":{"start":{"line":595,"column":2},"end":{"line":595,"column":null}},"261":{"start":{"line":597,"column":2},"end":{"line":597,"column":null}},"262":{"start":{"line":601,"column":2},"end":{"line":601,"column":null}},"263":{"start":{"line":602,"column":2},"end":{"line":602,"column":null}},"264":{"start":{"line":603,"column":2},"end":{"line":603,"column":null}},"265":{"start":{"line":603,"column":30},"end":{"line":603,"column":45}},"266":{"start":{"line":604,"column":2},"end":{"line":604,"column":null}},"267":{"start":{"line":604,"column":36},"end":{"line":604,"column":55}},"268":{"start":{"line":605,"column":2},"end":{"line":605,"column":null}},"269":{"start":{"line":607,"column":2},"end":{"line":607,"column":null}},"270":{"start":{"line":614,"column":2},"end":{"line":614,"column":null}},"271":{"start":{"line":615,"column":2},"end":{"line":615,"column":null}},"272":{"start":{"line":616,"column":2},"end":{"line":616,"column":null}},"273":{"start":{"line":616,"column":28},"end":{"line":616,"column":71}},"274":{"start":{"line":617,"column":2},"end":{"line":617,"column":null}},"275":{"start":{"line":619,"column":14},"end":{"line":619,"column":null}},"276":{"start":{"line":620,"column":2},"end":{"line":623,"column":null}},"277":{"start":{"line":621,"column":4},"end":{"line":621,"column":null}},"278":{"start":{"line":622,"column":4},"end":{"line":622,"column":null}},"279":{"start":{"line":627,"column":2},"end":{"line":627,"column":null}},"280":{"start":{"line":628,"column":2},"end":{"line":628,"column":null}},"281":{"start":{"line":629,"column":2},"end":{"line":629,"column":null}},"282":{"start":{"line":629,"column":36},"end":{"line":629,"column":54}},"283":{"start":{"line":630,"column":2},"end":{"line":630,"column":null}},"284":{"start":{"line":632,"column":14},"end":{"line":632,"column":null}},"285":{"start":{"line":633,"column":2},"end":{"line":636,"column":null}},"286":{"start":{"line":634,"column":4},"end":{"line":634,"column":null}},"287":{"start":{"line":635,"column":4},"end":{"line":635,"column":null}},"288":{"start":{"line":640,"column":2},"end":{"line":640,"column":null}},"289":{"start":{"line":641,"column":2},"end":{"line":641,"column":null}},"290":{"start":{"line":643,"column":14},"end":{"line":643,"column":null}},"291":{"start":{"line":644,"column":2},"end":{"line":647,"column":null}},"292":{"start":{"line":645,"column":4},"end":{"line":645,"column":null}},"293":{"start":{"line":646,"column":4},"end":{"line":646,"column":null}},"294":{"start":{"line":651,"column":12},"end":{"line":651,"column":null}},"295":{"start":{"line":652,"column":2},"end":{"line":652,"column":null}},"296":{"start":{"line":652,"column":14},"end":{"line":652,"column":null}},"297":{"start":{"line":653,"column":2},"end":{"line":653,"column":null}},"298":{"start":{"line":653,"column":16},"end":{"line":653,"column":null}},"299":{"start":{"line":654,"column":2},"end":{"line":654,"column":null}},"300":{"start":{"line":654,"column":17},"end":{"line":654,"column":null}},"301":{"start":{"line":655,"column":2},"end":{"line":655,"column":null}},"302":{"start":{"line":666,"column":24},"end":{"line":666,"column":null}},"303":{"start":{"line":668,"column":2},"end":{"line":668,"column":null}},"304":{"start":{"line":668,"column":37},"end":{"line":668,"column":null}},"305":{"start":{"line":669,"column":2},"end":{"line":670,"column":null}},"306":{"start":{"line":669,"column":8},"end":{"line":669,"column":83}},"307":{"start":{"line":670,"column":10},"end":{"line":670,"column":28}},"308":{"start":{"line":673,"column":2},"end":{"line":673,"column":null}},"309":{"start":{"line":674,"column":12},"end":{"line":674,"column":null}},"310":{"start":{"line":675,"column":2},"end":{"line":679,"column":null}},"311":{"start":{"line":676,"column":4},"end":{"line":676,"column":null}},"312":{"start":{"line":678,"column":4},"end":{"line":678,"column":null}},"313":{"start":{"line":680,"column":2},"end":{"line":680,"column":null}},"314":{"start":{"line":681,"column":2},"end":{"line":681,"column":null}},"315":{"start":{"line":684,"column":2},"end":{"line":684,"column":null}},"316":{"start":{"line":688,"column":27},"end":{"line":688,"column":null}},"317":{"start":{"line":690,"column":2},"end":{"line":690,"column":null}},"318":{"start":{"line":690,"column":37},"end":{"line":690,"column":null}},"319":{"start":{"line":691,"column":2},"end":{"line":692,"column":null}},"320":{"start":{"line":691,"column":8},"end":{"line":691,"column":86}},"321":{"start":{"line":692,"column":10},"end":{"line":692,"column":28}},"322":{"start":{"line":695,"column":2},"end":{"line":695,"column":null}},"323":{"start":{"line":696,"column":12},"end":{"line":696,"column":null}},"324":{"start":{"line":697,"column":2},"end":{"line":701,"column":null}},"325":{"start":{"line":698,"column":4},"end":{"line":698,"column":null}},"326":{"start":{"line":700,"column":4},"end":{"line":700,"column":null}},"327":{"start":{"line":702,"column":2},"end":{"line":702,"column":null}},"328":{"start":{"line":703,"column":2},"end":{"line":703,"column":null}},"329":{"start":{"line":706,"column":2},"end":{"line":706,"column":null}},"330":{"start":{"line":708,"column":31},"end":{"line":708,"column":null}},"331":{"start":{"line":711,"column":25},"end":{"line":718,"column":null}},"332":{"start":{"line":721,"column":22},"end":{"line":721,"column":null}},"333":{"start":{"line":722,"column":25},"end":{"line":722,"column":null}},"334":{"start":{"line":723,"column":14},"end":{"line":723,"column":null}},"335":{"start":{"line":724,"column":22},"end":{"line":724,"column":null}},"336":{"start":{"line":725,"column":21},"end":{"line":725,"column":null}},"337":{"start":{"line":726,"column":8},"end":{"line":726,"column":null}},"338":{"start":{"line":728,"column":19},"end":{"line":728,"column":null}},"339":{"start":{"line":729,"column":22},"end":{"line":729,"column":null}},"340":{"start":{"line":731,"column":2},"end":{"line":734,"column":null}},"341":{"start":{"line":738,"column":14},"end":{"line":738,"column":null}},"342":{"start":{"line":739,"column":14},"end":{"line":739,"column":null}},"343":{"start":{"line":740,"column":8},"end":{"line":740,"column":null}},"344":{"start":{"line":741,"column":15},"end":{"line":741,"column":null}},"345":{"start":{"line":742,"column":2},"end":{"line":742,"column":null}},"346":{"start":{"line":743,"column":2},"end":{"line":743,"column":null}},"347":{"start":{"line":744,"column":2},"end":{"line":744,"column":null}},"348":{"start":{"line":748,"column":2},"end":{"line":748,"column":null}},"349":{"start":{"line":749,"column":26},"end":{"line":749,"column":null}},"350":{"start":{"line":750,"column":2},"end":{"line":750,"column":null}},"351":{"start":{"line":750,"column":35},"end":{"line":750,"column":null}},"352":{"start":{"line":752,"column":2},"end":{"line":762,"column":null}},"353":{"start":{"line":753,"column":4},"end":{"line":753,"column":null}},"354":{"start":{"line":753,"column":25},"end":{"line":753,"column":null}},"355":{"start":{"line":754,"column":18},"end":{"line":754,"column":null}},"356":{"start":{"line":756,"column":4},"end":{"line":758,"column":null}},"357":{"start":{"line":757,"column":6},"end":{"line":757,"column":null}},"358":{"start":{"line":759,"column":4},"end":{"line":759,"column":null}},"359":{"start":{"line":761,"column":4},"end":{"line":761,"column":null}},"360":{"start":{"line":764,"column":2},"end":{"line":764,"column":null}},"361":{"start":{"line":765,"column":2},"end":{"line":765,"column":null}},"362":{"start":{"line":767,"column":2},"end":{"line":793,"column":null}},"363":{"start":{"line":768,"column":4},"end":{"line":792,"column":null}},"364":{"start":{"line":769,"column":6},"end":{"line":769,"column":null}},"365":{"start":{"line":770,"column":18},"end":{"line":770,"column":null}},"366":{"start":{"line":771,"column":6},"end":{"line":789,"column":null}},"367":{"start":{"line":772,"column":8},"end":{"line":772,"column":null}},"368":{"start":{"line":774,"column":8},"end":{"line":782,"column":null}},"369":{"start":{"line":775,"column":10},"end":{"line":775,"column":null}},"370":{"start":{"line":775,"column":31},"end":{"line":775,"column":null}},"371":{"start":{"line":776,"column":24},"end":{"line":776,"column":null}},"372":{"start":{"line":777,"column":10},"end":{"line":777,"column":null}},"373":{"start":{"line":778,"column":10},"end":{"line":780,"column":null}},"374":{"start":{"line":779,"column":12},"end":{"line":779,"column":null}},"375":{"start":{"line":781,"column":10},"end":{"line":781,"column":null}},"376":{"start":{"line":783,"column":8},"end":{"line":787,"column":null}},"377":{"start":{"line":784,"column":10},"end":{"line":784,"column":null}},"378":{"start":{"line":786,"column":10},"end":{"line":786,"column":null}},"379":{"start":{"line":788,"column":8},"end":{"line":788,"column":null}},"380":{"start":{"line":791,"column":6},"end":{"line":791,"column":null}},"381":{"start":{"line":797,"column":2},"end":{"line":797,"column":null}},"382":{"start":{"line":798,"column":15},"end":{"line":798,"column":null}},"383":{"start":{"line":798,"column":33},"end":{"line":798,"column":48}},"384":{"start":{"line":799,"column":16},"end":{"line":799,"column":null}},"385":{"start":{"line":800,"column":8},"end":{"line":800,"column":null}},"386":{"start":{"line":801,"column":2},"end":{"line":803,"column":null}},"387":{"start":{"line":802,"column":4},"end":{"line":802,"column":null}},"388":{"start":{"line":804,"column":21},"end":{"line":804,"column":null}},"389":{"start":{"line":805,"column":24},"end":{"line":805,"column":null}},"390":{"start":{"line":806,"column":2},"end":{"line":806,"column":null}},"391":{"start":{"line":811,"column":20},"end":{"line":811,"column":null}},"392":{"start":{"line":813,"column":17},"end":{"line":813,"column":null}},"393":{"start":{"line":815,"column":15},"end":{"line":815,"column":null}},"394":{"start":{"line":816,"column":2},"end":{"line":834,"column":null}},"395":{"start":{"line":817,"column":4},"end":{"line":824,"column":null}},"396":{"start":{"line":818,"column":20},"end":{"line":822,"column":null}},"397":{"start":{"line":819,"column":22},"end":{"line":819,"column":null}},"398":{"start":{"line":819,"column":68},"end":{"line":819,"column":77}},"399":{"start":{"line":820,"column":14},"end":{"line":820,"column":null}},"400":{"start":{"line":821,"column":8},"end":{"line":821,"column":null}},"401":{"start":{"line":823,"column":6},"end":{"line":823,"column":null}},"402":{"start":{"line":825,"column":2},"end":{"line":834,"column":null}},"403":{"start":{"line":826,"column":4},"end":{"line":830,"column":null}},"404":{"start":{"line":827,"column":21},"end":{"line":827,"column":null}},"405":{"start":{"line":827,"column":67},"end":{"line":827,"column":76}},"406":{"start":{"line":828,"column":21},"end":{"line":828,"column":null}},"407":{"start":{"line":828,"column":67},"end":{"line":828,"column":76}},"408":{"start":{"line":829,"column":6},"end":{"line":829,"column":null}},"409":{"start":{"line":833,"column":4},"end":{"line":833,"column":null}},"410":{"start":{"line":833,"column":28},"end":{"line":833,"column":53}},"411":{"start":{"line":836,"column":2},"end":{"line":838,"column":null}},"412":{"start":{"line":837,"column":4},"end":{"line":837,"column":null}},"413":{"start":{"line":837,"column":38},"end":{"line":837,"column":69}},"414":{"start":{"line":840,"column":2},"end":{"line":840,"column":null}},"415":{"start":{"line":844,"column":23},"end":{"line":844,"column":null}},"416":{"start":{"line":845,"column":2},"end":{"line":845,"column":null}},"417":{"start":{"line":845,"column":32},"end":{"line":845,"column":51}}},"fnMap":{"0":{"name":"getToken","decl":{"start":{"line":7,"column":9},"end":{"line":7,"column":35}},"loc":{"start":{"line":7,"column":35},"end":{"line":10,"column":null}},"line":7},"1":{"name":"setToken","decl":{"start":{"line":12,"column":9},"end":{"line":12,"column":18}},"loc":{"start":{"line":12,"column":56},"end":{"line":15,"column":null}},"line":12},"2":{"name":"clearToken","decl":{"start":{"line":17,"column":9},"end":{"line":17,"column":22}},"loc":{"start":{"line":17,"column":22},"end":{"line":20,"column":null}},"line":17},"3":{"name":"apiCall","decl":{"start":{"line":22,"column":15},"end":{"line":22,"column":23}},"loc":{"start":{"line":22,"column":73},"end":{"line":37,"column":null}},"line":22},"4":{"name":"mapPostFromDb","decl":{"start":{"line":107,"column":9},"end":{"line":107,"column":23}},"loc":{"start":{"line":107,"column":37},"end":{"line":128,"column":null}},"line":107},"5":{"name":"mapCommentFromDb","decl":{"start":{"line":130,"column":9},"end":{"line":130,"column":26}},"loc":{"start":{"line":130,"column":43},"end":{"line":138,"column":null}},"line":130},"6":{"name":"getAvatarUrl","decl":{"start":{"line":156,"column":16},"end":{"line":156,"column":29}},"loc":{"start":{"line":156,"column":43},"end":{"line":166,"column":null}},"line":156},"7":{"name":"loadUserReactionsAndVotes","decl":{"start":{"line":171,"column":15},"end":{"line":171,"column":43}},"loc":{"start":{"line":171,"column":43},"end":{"line":203,"column":null}},"line":171},"8":{"name":"(anonymous_8)","decl":{"start":{"line":188,"column":29},"end":{"line":188,"column":30}},"loc":{"start":{"line":188,"column":41},"end":{"line":190,"column":7}},"line":188},"9":{"name":"(anonymous_9)","decl":{"start":{"line":195,"column":25},"end":{"line":195,"column":26}},"loc":{"start":{"line":195,"column":37},"end":{"line":197,"column":7}},"line":195},"10":{"name":"generateRandomUsername","decl":{"start":{"line":208,"column":16},"end":{"line":208,"column":41}},"loc":{"start":{"line":208,"column":41},"end":{"line":224,"column":null}},"line":208},"11":{"name":"ensureGuestSession","decl":{"start":{"line":226,"column":22},"end":{"line":226,"column":43}},"loc":{"start":{"line":226,"column":43},"end":{"line":247,"column":null}},"line":226},"12":{"name":"init","decl":{"start":{"line":251,"column":9},"end":{"line":251,"column":16}},"loc":{"start":{"line":251,"column":16},"end":{"line":328,"column":null}},"line":251},"13":{"name":"(anonymous_13)","decl":{"start":{"line":268,"column":45},"end":{"line":268,"column":46}},"loc":{"start":{"line":268,"column":55},"end":{"line":282,"column":5}},"line":268},"14":{"name":"(anonymous_14)","decl":{"start":{"line":278,"column":35},"end":{"line":278,"column":36}},"loc":{"start":{"line":278,"column":44},"end":{"line":280,"column":9}},"line":278},"15":{"name":"(anonymous_15)","decl":{"start":{"line":284,"column":31},"end":{"line":284,"column":32}},"loc":{"start":{"line":284,"column":40},"end":{"line":286,"column":5}},"line":284},"16":{"name":"(anonymous_16)","decl":{"start":{"line":290,"column":3},"end":{"line":290,"column":15}},"loc":{"start":{"line":290,"column":15},"end":{"line":307,"column":5}},"line":290},"17":{"name":"(anonymous_17)","decl":{"start":{"line":310,"column":29},"end":{"line":310,"column":41}},"loc":{"start":{"line":310,"column":41},"end":{"line":327,"column":5}},"line":310},"18":{"name":"persist","decl":{"start":{"line":330,"column":9},"end":{"line":330,"column":19}},"loc":{"start":{"line":330,"column":19},"end":{"line":340,"column":null}},"line":330},"19":{"name":"(anonymous_19)","decl":{"start":{"line":339,"column":20},"end":{"line":339,"column":21}},"loc":{"start":{"line":339,"column":27},"end":{"line":339,"column":30}},"line":339},"20":{"name":"subscribe","decl":{"start":{"line":342,"column":16},"end":{"line":342,"column":26}},"loc":{"start":{"line":342,"column":41},"end":{"line":346,"column":null}},"line":342},"21":{"name":"(anonymous_21)","decl":{"start":{"line":345,"column":9},"end":{"line":345,"column":15}},"loc":{"start":{"line":345,"column":15},"end":{"line":345,"column":null}},"line":345},"22":{"name":"snapshot","decl":{"start":{"line":348,"column":9},"end":{"line":348,"column":20}},"loc":{"start":{"line":348,"column":20},"end":{"line":351,"column":null}},"line":348},"23":{"name":"useStore","decl":{"start":{"line":355,"column":16},"end":{"line":355,"column":27}},"loc":{"start":{"line":355,"column":27},"end":{"line":357,"column":null}},"line":355},"24":{"name":"(anonymous_24)","decl":{"start":{"line":356,"column":51},"end":{"line":356,"column":57}},"loc":{"start":{"line":356,"column":57},"end":{"line":356,"column":71}},"line":356},"25":{"name":"setFeedTab","decl":{"start":{"line":359,"column":16},"end":{"line":359,"column":27}},"loc":{"start":{"line":359,"column":70},"end":{"line":364,"column":null}},"line":359},"26":{"name":"(anonymous_26)","decl":{"start":{"line":363,"column":20},"end":{"line":363,"column":21}},"loc":{"start":{"line":363,"column":27},"end":{"line":363,"column":30}},"line":363},"27":{"name":"setTheme","decl":{"start":{"line":366,"column":16},"end":{"line":366,"column":25}},"loc":{"start":{"line":366,"column":35},"end":{"line":370,"column":null}},"line":366},"28":{"name":"setAuthUser","decl":{"start":{"line":372,"column":16},"end":{"line":372,"column":28}},"loc":{"start":{"line":372,"column":36},"end":{"line":379,"column":null}},"line":372},"29":{"name":"logout","decl":{"start":{"line":381,"column":16},"end":{"line":381,"column":25}},"loc":{"start":{"line":381,"column":25},"end":{"line":390,"column":null}},"line":381},"30":{"name":"(anonymous_30)","decl":{"start":{"line":383,"column":44},"end":{"line":383,"column":50}},"loc":{"start":{"line":383,"column":50},"end":{"line":383,"column":52}},"line":383},"31":{"name":"safeUUID","decl":{"start":{"line":392,"column":9},"end":{"line":392,"column":28}},"loc":{"start":{"line":392,"column":28},"end":{"line":401,"column":null}},"line":392},"32":{"name":"(anonymous_32)","decl":{"start":{"line":396,"column":65},"end":{"line":396,"column":66}},"loc":{"start":{"line":396,"column":72},"end":{"line":400,"column":3}},"line":396},"33":{"name":"randomHandle","decl":{"start":{"line":403,"column":16},"end":{"line":403,"column":31}},"loc":{"start":{"line":403,"column":31},"end":{"line":419,"column":null}},"line":403},"34":{"name":"createPost","decl":{"start":{"line":421,"column":16},"end":{"line":421,"column":null}},"loc":{"start":{"line":423,"column":8},"end":{"line":475,"column":null}},"line":423},"35":{"name":"(anonymous_35)","decl":{"start":{"line":450,"column":3},"end":{"line":450,"column":15}},"loc":{"start":{"line":450,"column":15},"end":{"line":472,"column":5}},"line":450},"36":{"name":"addComment","decl":{"start":{"line":477,"column":22},"end":{"line":477,"column":33}},"loc":{"start":{"line":477,"column":63},"end":{"line":504,"column":null}},"line":477},"37":{"name":"(anonymous_37)","decl":{"start":{"line":491,"column":3},"end":{"line":491,"column":15}},"loc":{"start":{"line":491,"column":15},"end":{"line":501,"column":5}},"line":491},"38":{"name":"toggleReaction","decl":{"start":{"line":506,"column":22},"end":{"line":506,"column":37}},"loc":{"start":{"line":506,"column":66},"end":{"line":571,"column":null}},"line":506},"39":{"name":"(anonymous_39)","decl":{"start":{"line":520,"column":20},"end":{"line":520,"column":21}},"loc":{"start":{"line":520,"column":27},"end":{"line":531,"column":3}},"line":520},"40":{"name":"(anonymous_40)","decl":{"start":{"line":541,"column":3},"end":{"line":541,"column":15}},"loc":{"start":{"line":541,"column":15},"end":{"line":570,"column":5}},"line":541},"41":{"name":"(anonymous_41)","decl":{"start":{"line":548,"column":26},"end":{"line":548,"column":27}},"loc":{"start":{"line":548,"column":33},"end":{"line":558,"column":9}},"line":548},"42":{"name":"hasReacted","decl":{"start":{"line":573,"column":16},"end":{"line":573,"column":27}},"loc":{"start":{"line":573,"column":56},"end":{"line":575,"column":null}},"line":573},"43":{"name":"setStatus","decl":{"start":{"line":577,"column":22},"end":{"line":577,"column":32}},"loc":{"start":{"line":577,"column":64},"end":{"line":586,"column":null}},"line":577},"44":{"name":"(anonymous_44)","decl":{"start":{"line":580,"column":20},"end":{"line":580,"column":21}},"loc":{"start":{"line":581,"column":4},"end":{"line":581,"column":null}},"line":581},"45":{"name":"toggleHidden","decl":{"start":{"line":588,"column":22},"end":{"line":588,"column":35}},"loc":{"start":{"line":588,"column":51},"end":{"line":598,"column":null}},"line":588},"46":{"name":"(anonymous_46)","decl":{"start":{"line":591,"column":26},"end":{"line":591,"column":27}},"loc":{"start":{"line":591,"column":33},"end":{"line":591,"column":48}},"line":591},"47":{"name":"(anonymous_47)","decl":{"start":{"line":594,"column":20},"end":{"line":594,"column":21}},"loc":{"start":{"line":594,"column":28},"end":{"line":594,"column":78}},"line":594},"48":{"name":"deletePost","decl":{"start":{"line":600,"column":22},"end":{"line":600,"column":33}},"loc":{"start":{"line":600,"column":49},"end":{"line":608,"column":null}},"line":600},"49":{"name":"(anonymous_49)","decl":{"start":{"line":603,"column":23},"end":{"line":603,"column":24}},"loc":{"start":{"line":603,"column":30},"end":{"line":603,"column":45}},"line":603},"50":{"name":"(anonymous_50)","decl":{"start":{"line":604,"column":29},"end":{"line":604,"column":30}},"loc":{"start":{"line":604,"column":36},"end":{"line":604,"column":55}},"line":604},"51":{"name":"updatePost","decl":{"start":{"line":610,"column":22},"end":{"line":610,"column":null}},"loc":{"start":{"line":613,"column":2},"end":{"line":624,"column":null}},"line":613},"52":{"name":"(anonymous_52)","decl":{"start":{"line":616,"column":20},"end":{"line":616,"column":21}},"loc":{"start":{"line":616,"column":28},"end":{"line":616,"column":71}},"line":616},"53":{"name":"deleteComment","decl":{"start":{"line":626,"column":22},"end":{"line":626,"column":36}},"loc":{"start":{"line":626,"column":55},"end":{"line":637,"column":null}},"line":626},"54":{"name":"(anonymous_54)","decl":{"start":{"line":629,"column":29},"end":{"line":629,"column":30}},"loc":{"start":{"line":629,"column":36},"end":{"line":629,"column":54}},"line":629},"55":{"name":"reportContent","decl":{"start":{"line":639,"column":22},"end":{"line":639,"column":36}},"loc":{"start":{"line":639,"column":102},"end":{"line":648,"column":null}},"line":639},"56":{"name":"timeAgo","decl":{"start":{"line":650,"column":16},"end":{"line":650,"column":24}},"loc":{"start":{"line":650,"column":36},"end":{"line":656,"column":null}},"line":650},"57":{"name":"loadSavedPosts","decl":{"start":{"line":667,"column":9},"end":{"line":667,"column":39}},"loc":{"start":{"line":667,"column":39},"end":{"line":671,"column":null}},"line":667},"58":{"name":"toggleSavePost","decl":{"start":{"line":672,"column":16},"end":{"line":672,"column":31}},"loc":{"start":{"line":672,"column":47},"end":{"line":682,"column":null}},"line":672},"59":{"name":"isPostSaved","decl":{"start":{"line":683,"column":16},"end":{"line":683,"column":28}},"loc":{"start":{"line":683,"column":53},"end":{"line":685,"column":null}},"line":683},"60":{"name":"loadLikedComments","decl":{"start":{"line":689,"column":9},"end":{"line":689,"column":42}},"loc":{"start":{"line":689,"column":42},"end":{"line":693,"column":null}},"line":689},"61":{"name":"toggleLikeComment","decl":{"start":{"line":694,"column":16},"end":{"line":694,"column":34}},"loc":{"start":{"line":694,"column":53},"end":{"line":704,"column":null}},"line":694},"62":{"name":"isCommentLiked","decl":{"start":{"line":705,"column":16},"end":{"line":705,"column":31}},"loc":{"start":{"line":705,"column":59},"end":{"line":707,"column":null}},"line":705},"63":{"name":"getSecretReactionOfTheWeek","decl":{"start":{"line":720,"column":16},"end":{"line":720,"column":61}},"loc":{"start":{"line":720,"column":61},"end":{"line":735,"column":null}},"line":720},"64":{"name":"getNextTuesdayUTC","decl":{"start":{"line":737,"column":9},"end":{"line":737,"column":37}},"loc":{"start":{"line":737,"column":37},"end":{"line":745,"column":null}},"line":737},"65":{"name":"voteCourt","decl":{"start":{"line":747,"column":16},"end":{"line":747,"column":26}},"loc":{"start":{"line":747,"column":79},"end":{"line":794,"column":null}},"line":747},"66":{"name":"(anonymous_66)","decl":{"start":{"line":752,"column":20},"end":{"line":752,"column":21}},"loc":{"start":{"line":752,"column":27},"end":{"line":762,"column":3}},"line":752},"67":{"name":"(anonymous_67)","decl":{"start":{"line":767,"column":3},"end":{"line":767,"column":15}},"loc":{"start":{"line":767,"column":15},"end":{"line":793,"column":5}},"line":767},"68":{"name":"(anonymous_68)","decl":{"start":{"line":774,"column":26},"end":{"line":774,"column":27}},"loc":{"start":{"line":774,"column":33},"end":{"line":782,"column":9}},"line":774},"69":{"name":"getCourtRatio","decl":{"start":{"line":796,"column":16},"end":{"line":796,"column":30}},"loc":{"start":{"line":796,"column":46},"end":{"line":807,"column":null}},"line":796},"70":{"name":"(anonymous_70)","decl":{"start":{"line":798,"column":26},"end":{"line":798,"column":27}},"loc":{"start":{"line":798,"column":33},"end":{"line":798,"column":48}},"line":798},"71":{"name":"usePosts","decl":{"start":{"line":810,"column":16},"end":{"line":810,"column":25}},"loc":{"start":{"line":810,"column":82},"end":{"line":841,"column":null}},"line":810},"72":{"name":"(anonymous_72)","decl":{"start":{"line":817,"column":18},"end":{"line":817,"column":19}},"loc":{"start":{"line":817,"column":28},"end":{"line":824,"column":5}},"line":817},"73":{"name":"(anonymous_73)","decl":{"start":{"line":818,"column":20},"end":{"line":818,"column":21}},"loc":{"start":{"line":818,"column":33},"end":{"line":822,"column":null}},"line":818},"74":{"name":"(anonymous_74)","decl":{"start":{"line":819,"column":56},"end":{"line":819,"column":57}},"loc":{"start":{"line":819,"column":68},"end":{"line":819,"column":77}},"line":819},"75":{"name":"(anonymous_75)","decl":{"start":{"line":826,"column":18},"end":{"line":826,"column":19}},"loc":{"start":{"line":826,"column":28},"end":{"line":830,"column":5}},"line":826},"76":{"name":"(anonymous_76)","decl":{"start":{"line":827,"column":55},"end":{"line":827,"column":56}},"loc":{"start":{"line":827,"column":67},"end":{"line":827,"column":76}},"line":827},"77":{"name":"(anonymous_77)","decl":{"start":{"line":828,"column":55},"end":{"line":828,"column":56}},"loc":{"start":{"line":828,"column":67},"end":{"line":828,"column":76}},"line":828},"78":{"name":"(anonymous_78)","decl":{"start":{"line":833,"column":18},"end":{"line":833,"column":19}},"loc":{"start":{"line":833,"column":28},"end":{"line":833,"column":53}},"line":833},"79":{"name":"(anonymous_79)","decl":{"start":{"line":837,"column":31},"end":{"line":837,"column":32}},"loc":{"start":{"line":837,"column":38},"end":{"line":837,"column":69}},"line":837},"80":{"name":"useComments","decl":{"start":{"line":843,"column":16},"end":{"line":843,"column":28}},"loc":{"start":{"line":843,"column":44},"end":{"line":846,"column":null}},"line":843},"81":{"name":"(anonymous_81)","decl":{"start":{"line":845,"column":25},"end":{"line":845,"column":26}},"loc":{"start":{"line":845,"column":32},"end":{"line":845,"column":51}},"line":845}},"branchMap":{"0":{"loc":{"start":{"line":3,"column":16},"end":{"line":3,"column":null}},"type":"binary-expr","locations":[{"start":{"line":3,"column":16},"end":{"line":3,"column":48}},{"start":{"line":3,"column":48},"end":{"line":3,"column":null}}],"line":3},"1":{"loc":{"start":{"line":8,"column":2},"end":{"line":8,"column":null}},"type":"if","locations":[{"start":{"line":8,"column":2},"end":{"line":8,"column":null}},{"start":{},"end":{}}],"line":8},"2":{"loc":{"start":{"line":14,"column":2},"end":{"line":14,"column":null}},"type":"if","locations":[{"start":{"line":14,"column":2},"end":{"line":14,"column":null}},{"start":{},"end":{}}],"line":14},"3":{"loc":{"start":{"line":25,"column":2},"end":{"line":27,"column":null}},"type":"if","locations":[{"start":{"line":25,"column":2},"end":{"line":27,"column":null}},{"start":{},"end":{}}],"line":25},"4":{"loc":{"start":{"line":28,"column":2},"end":{"line":30,"column":null}},"type":"if","locations":[{"start":{"line":28,"column":2},"end":{"line":30,"column":null}},{"start":{},"end":{}}],"line":28},"5":{"loc":{"start":{"line":34,"column":10},"end":{"line":34,"column":null}},"type":"cond-expr","locations":[{"start":{"line":34,"column":17},"end":{"line":34,"column":40}},{"start":{"line":34,"column":40},"end":{"line":34,"column":null}}],"line":34},"6":{"loc":{"start":{"line":113,"column":10},"end":{"line":113,"column":null}},"type":"binary-expr","locations":[{"start":{"line":113,"column":10},"end":{"line":113,"column":20}},{"start":{"line":113,"column":20},"end":{"line":113,"column":null}}],"line":113},"7":{"loc":{"start":{"line":115,"column":10},"end":{"line":115,"column":null}},"type":"binary-expr","locations":[{"start":{"line":115,"column":10},"end":{"line":115,"column":20}},{"start":{"line":115,"column":20},"end":{"line":115,"column":null}}],"line":115},"8":{"loc":{"start":{"line":116,"column":15},"end":{"line":116,"column":null}},"type":"binary-expr","locations":[{"start":{"line":116,"column":15},"end":{"line":116,"column":30}},{"start":{"line":116,"column":30},"end":{"line":116,"column":46}},{"start":{"line":116,"column":46},"end":{"line":116,"column":null}}],"line":116},"9":{"loc":{"start":{"line":117,"column":13},"end":{"line":117,"column":null}},"type":"binary-expr","locations":[{"start":{"line":117,"column":13},"end":{"line":117,"column":26}},{"start":{"line":117,"column":26},"end":{"line":117,"column":40}},{"start":{"line":117,"column":40},"end":{"line":117,"column":null}}],"line":117},"10":{"loc":{"start":{"line":118,"column":21},"end":{"line":118,"column":null}},"type":"binary-expr","locations":[{"start":{"line":118,"column":21},"end":{"line":118,"column":42}},{"start":{"line":118,"column":42},"end":{"line":118,"column":65}},{"start":{"line":118,"column":65},"end":{"line":118,"column":null}}],"line":118},"11":{"loc":{"start":{"line":119,"column":20},"end":{"line":119,"column":null}},"type":"binary-expr","locations":[{"start":{"line":119,"column":20},"end":{"line":119,"column":40}},{"start":{"line":119,"column":40},"end":{"line":119,"column":62}},{"start":{"line":119,"column":62},"end":{"line":119,"column":null}}],"line":119},"12":{"loc":{"start":{"line":121,"column":21},"end":{"line":121,"column":null}},"type":"binary-expr","locations":[{"start":{"line":121,"column":21},"end":{"line":121,"column":42}},{"start":{"line":121,"column":42},"end":{"line":121,"column":65}},{"start":{"line":121,"column":65},"end":{"line":121,"column":null}}],"line":121},"13":{"loc":{"start":{"line":122,"column":15},"end":{"line":122,"column":null}},"type":"binary-expr","locations":[{"start":{"line":122,"column":15},"end":{"line":122,"column":30}},{"start":{"line":122,"column":30},"end":{"line":122,"column":null}}],"line":122},"14":{"loc":{"start":{"line":123,"column":11},"end":{"line":123,"column":null}},"type":"binary-expr","locations":[{"start":{"line":123,"column":11},"end":{"line":123,"column":22}},{"start":{"line":123,"column":22},"end":{"line":123,"column":null}}],"line":123},"15":{"loc":{"start":{"line":124,"column":12},"end":{"line":124,"column":null}},"type":"binary-expr","locations":[{"start":{"line":124,"column":12},"end":{"line":124,"column":24}},{"start":{"line":124,"column":24},"end":{"line":124,"column":null}}],"line":124},"16":{"loc":{"start":{"line":125,"column":15},"end":{"line":125,"column":null}},"type":"cond-expr","locations":[{"start":{"line":125,"column":49},"end":{"line":125,"column":63}},{"start":{"line":125,"column":63},"end":{"line":125,"column":null}}],"line":125},"17":{"loc":{"start":{"line":125,"column":72},"end":{"line":125,"column":99}},"type":"binary-expr","locations":[{"start":{"line":125,"column":72},"end":{"line":125,"column":88}},{"start":{"line":125,"column":88},"end":{"line":125,"column":99}}],"line":125},"18":{"loc":{"start":{"line":126,"column":12},"end":{"line":126,"column":null}},"type":"binary-expr","locations":[{"start":{"line":126,"column":12},"end":{"line":126,"column":25}},{"start":{"line":126,"column":25},"end":{"line":126,"column":null}}],"line":126},"19":{"loc":{"start":{"line":126,"column":25},"end":{"line":126,"column":null}},"type":"cond-expr","locations":[{"start":{"line":126,"column":50},"end":{"line":126,"column":61}},{"start":{"line":126,"column":61},"end":{"line":126,"column":null}}],"line":126},"20":{"loc":{"start":{"line":133,"column":12},"end":{"line":133,"column":null}},"type":"binary-expr","locations":[{"start":{"line":133,"column":12},"end":{"line":133,"column":24}},{"start":{"line":133,"column":24},"end":{"line":133,"column":null}}],"line":133},"21":{"loc":{"start":{"line":136,"column":15},"end":{"line":136,"column":null}},"type":"cond-expr","locations":[{"start":{"line":136,"column":49},"end":{"line":136,"column":63}},{"start":{"line":136,"column":63},"end":{"line":136,"column":null}}],"line":136},"22":{"loc":{"start":{"line":136,"column":72},"end":{"line":136,"column":99}},"type":"binary-expr","locations":[{"start":{"line":136,"column":72},"end":{"line":136,"column":88}},{"start":{"line":136,"column":88},"end":{"line":136,"column":99}}],"line":136},"23":{"loc":{"start":{"line":157,"column":21},"end":{"line":157,"column":37}},"type":"binary-expr","locations":[{"start":{"line":157,"column":21},"end":{"line":157,"column":29}},{"start":{"line":157,"column":29},"end":{"line":157,"column":37}}],"line":157},"24":{"loc":{"start":{"line":173,"column":2},"end":{"line":173,"column":null}},"type":"if","locations":[{"start":{"line":173,"column":2},"end":{"line":173,"column":null}},{"start":{},"end":{}}],"line":173},"25":{"loc":{"start":{"line":178,"column":4},"end":{"line":184,"column":null}},"type":"if","locations":[{"start":{"line":178,"column":4},"end":{"line":184,"column":null}},{"start":{},"end":{}}],"line":178},"26":{"loc":{"start":{"line":181,"column":14},"end":{"line":181,"column":null}},"type":"binary-expr","locations":[{"start":{"line":181,"column":14},"end":{"line":181,"column":35}},{"start":{"line":181,"column":35},"end":{"line":181,"column":null}}],"line":181},"27":{"loc":{"start":{"line":182,"column":18},"end":{"line":182,"column":null}},"type":"binary-expr","locations":[{"start":{"line":182,"column":18},"end":{"line":182,"column":43}},{"start":{"line":182,"column":43},"end":{"line":182,"column":null}}],"line":182},"28":{"loc":{"start":{"line":187,"column":4},"end":{"line":191,"column":null}},"type":"if","locations":[{"start":{"line":187,"column":4},"end":{"line":191,"column":null}},{"start":{},"end":{}}],"line":187},"29":{"loc":{"start":{"line":194,"column":4},"end":{"line":198,"column":null}},"type":"if","locations":[{"start":{"line":194,"column":4},"end":{"line":198,"column":null}},{"start":{},"end":{}}],"line":194},"30":{"loc":{"start":{"line":218,"column":11},"end":{"line":220,"column":null}},"type":"binary-expr","locations":[{"start":{"line":218,"column":11},"end":{"line":218,"column":null}},{"start":{"line":219,"column":4},"end":{"line":219,"column":null}},{"start":{"line":220,"column":4},"end":{"line":220,"column":null}}],"line":218},"31":{"loc":{"start":{"line":227,"column":2},"end":{"line":227,"column":null}},"type":"if","locations":[{"start":{"line":227,"column":2},"end":{"line":227,"column":null}},{"start":{},"end":{}}],"line":227},"32":{"loc":{"start":{"line":231,"column":2},"end":{"line":233,"column":null}},"type":"if","locations":[{"start":{"line":231,"column":2},"end":{"line":233,"column":null}},{"start":{},"end":{}}],"line":231},"33":{"loc":{"start":{"line":237,"column":2},"end":{"line":240,"column":null}},"type":"if","locations":[{"start":{"line":237,"column":2},"end":{"line":240,"column":null}},{"start":{},"end":{}}],"line":237},"34":{"loc":{"start":{"line":252,"column":2},"end":{"line":252,"column":null}},"type":"if","locations":[{"start":{"line":252,"column":2},"end":{"line":252,"column":null}},{"start":{},"end":{}}],"line":252},"35":{"loc":{"start":{"line":252,"column":6},"end":{"line":252,"column":52}},"type":"binary-expr","locations":[{"start":{"line":252,"column":6},"end":{"line":252,"column":21}},{"start":{"line":252,"column":21},"end":{"line":252,"column":52}}],"line":252},"36":{"loc":{"start":{"line":258,"column":4},"end":{"line":260,"column":null}},"type":"if","locations":[{"start":{"line":258,"column":4},"end":{"line":260,"column":null}},{"start":{},"end":{}}],"line":258},"37":{"loc":{"start":{"line":267,"column":2},"end":{"line":287,"column":null}},"type":"if","locations":[{"start":{"line":267,"column":2},"end":{"line":287,"column":null}},{"start":{"line":283,"column":9},"end":{"line":287,"column":null}}],"line":267},"38":{"loc":{"start":{"line":269,"column":6},"end":{"line":281,"column":null}},"type":"if","locations":[{"start":{"line":269,"column":6},"end":{"line":281,"column":null}},{"start":{"line":273,"column":13},"end":{"line":281,"column":null}}],"line":269},"39":{"loc":{"start":{"line":297,"column":6},"end":{"line":299,"column":null}},"type":"if","locations":[{"start":{"line":297,"column":6},"end":{"line":299,"column":null}},{"start":{},"end":{}}],"line":297},"40":{"loc":{"start":{"line":300,"column":6},"end":{"line":302,"column":null}},"type":"if","locations":[{"start":{"line":300,"column":6},"end":{"line":302,"column":null}},{"start":{},"end":{}}],"line":300},"41":{"loc":{"start":{"line":317,"column":6},"end":{"line":319,"column":null}},"type":"if","locations":[{"start":{"line":317,"column":6},"end":{"line":319,"column":null}},{"start":{},"end":{}}],"line":317},"42":{"loc":{"start":{"line":320,"column":6},"end":{"line":322,"column":null}},"type":"if","locations":[{"start":{"line":320,"column":6},"end":{"line":322,"column":null}},{"start":{},"end":{}}],"line":320},"43":{"loc":{"start":{"line":331,"column":2},"end":{"line":337,"column":null}},"type":"if","locations":[{"start":{"line":331,"column":2},"end":{"line":337,"column":null}},{"start":{},"end":{}}],"line":331},"44":{"loc":{"start":{"line":375,"column":2},"end":{"line":377,"column":null}},"type":"if","locations":[{"start":{"line":375,"column":2},"end":{"line":377,"column":null}},{"start":{},"end":{}}],"line":375},"45":{"loc":{"start":{"line":393,"column":2},"end":{"line":395,"column":null}},"type":"if","locations":[{"start":{"line":393,"column":2},"end":{"line":395,"column":null}},{"start":{},"end":{}}],"line":393},"46":{"loc":{"start":{"line":393,"column":6},"end":{"line":393,"column":80}},"type":"binary-expr","locations":[{"start":{"line":393,"column":6},"end":{"line":393,"column":39}},{"start":{"line":393,"column":39},"end":{"line":393,"column":80}}],"line":393},"47":{"loc":{"start":{"line":398,"column":14},"end":{"line":398,"column":null}},"type":"cond-expr","locations":[{"start":{"line":398,"column":26},"end":{"line":398,"column":31}},{"start":{"line":398,"column":31},"end":{"line":398,"column":null}}],"line":398},"48":{"loc":{"start":{"line":413,"column":11},"end":{"line":415,"column":null}},"type":"binary-expr","locations":[{"start":{"line":413,"column":11},"end":{"line":413,"column":null}},{"start":{"line":414,"column":4},"end":{"line":414,"column":null}},{"start":{"line":415,"column":4},"end":{"line":415,"column":null}}],"line":413},"49":{"loc":{"start":{"line":432,"column":13},"end":{"line":432,"column":null}},"type":"binary-expr","locations":[{"start":{"line":432,"column":13},"end":{"line":432,"column":30}},{"start":{"line":432,"column":30},"end":{"line":432,"column":null}}],"line":432},"50":{"loc":{"start":{"line":438,"column":12},"end":{"line":438,"column":null}},"type":"binary-expr","locations":[{"start":{"line":438,"column":12},"end":{"line":438,"column":28}},{"start":{"line":438,"column":28},"end":{"line":438,"column":46}},{"start":{"line":438,"column":46},"end":{"line":438,"column":null}}],"line":438},"51":{"loc":{"start":{"line":466,"column":6},"end":{"line":468,"column":null}},"type":"if","locations":[{"start":{"line":466,"column":6},"end":{"line":468,"column":null}},{"start":{},"end":{}}],"line":466},"52":{"loc":{"start":{"line":466,"column":10},"end":{"line":466,"column":33}},"type":"binary-expr","locations":[{"start":{"line":466,"column":10},"end":{"line":466,"column":17}},{"start":{"line":466,"column":17},"end":{"line":466,"column":33}}],"line":466},"53":{"loc":{"start":{"line":484,"column":12},"end":{"line":484,"column":null}},"type":"cond-expr","locations":[{"start":{"line":484,"column":19},"end":{"line":484,"column":35}},{"start":{"line":484,"column":35},"end":{"line":484,"column":null}}],"line":484},"54":{"loc":{"start":{"line":495,"column":6},"end":{"line":497,"column":null}},"type":"if","locations":[{"start":{"line":495,"column":6},"end":{"line":497,"column":null}},{"start":{},"end":{}}],"line":495},"55":{"loc":{"start":{"line":495,"column":10},"end":{"line":495,"column":33}},"type":"binary-expr","locations":[{"start":{"line":495,"column":10},"end":{"line":495,"column":17}},{"start":{"line":495,"column":17},"end":{"line":495,"column":33}}],"line":495},"56":{"loc":{"start":{"line":512,"column":4},"end":{"line":515,"column":null}},"type":"if","locations":[{"start":{"line":512,"column":4},"end":{"line":515,"column":null}},{"start":{},"end":{}}],"line":512},"57":{"loc":{"start":{"line":521,"column":4},"end":{"line":521,"column":null}},"type":"if","locations":[{"start":{"line":521,"column":4},"end":{"line":521,"column":null}},{"start":{},"end":{}}],"line":521},"58":{"loc":{"start":{"line":524,"column":4},"end":{"line":526,"column":null}},"type":"if","locations":[{"start":{"line":524,"column":4},"end":{"line":526,"column":null}},{"start":{},"end":{}}],"line":524},"59":{"loc":{"start":{"line":525,"column":49},"end":{"line":525,"column":85}},"type":"binary-expr","locations":[{"start":{"line":525,"column":49},"end":{"line":525,"column":80}},{"start":{"line":525,"column":80},"end":{"line":525,"column":85}}],"line":525},"60":{"loc":{"start":{"line":527,"column":4},"end":{"line":529,"column":null}},"type":"if","locations":[{"start":{"line":527,"column":4},"end":{"line":529,"column":null}},{"start":{},"end":{}}],"line":527},"61":{"loc":{"start":{"line":528,"column":22},"end":{"line":528,"column":43}},"type":"binary-expr","locations":[{"start":{"line":528,"column":22},"end":{"line":528,"column":38}},{"start":{"line":528,"column":38},"end":{"line":528,"column":43}}],"line":528},"62":{"loc":{"start":{"line":533,"column":2},"end":{"line":535,"column":null}},"type":"if","locations":[{"start":{"line":533,"column":2},"end":{"line":535,"column":null}},{"start":{},"end":{}}],"line":533},"63":{"loc":{"start":{"line":536,"column":2},"end":{"line":538,"column":null}},"type":"if","locations":[{"start":{"line":536,"column":2},"end":{"line":538,"column":null}},{"start":{},"end":{}}],"line":536},"64":{"loc":{"start":{"line":545,"column":6},"end":{"line":566,"column":null}},"type":"if","locations":[{"start":{"line":545,"column":6},"end":{"line":566,"column":null}},{"start":{},"end":{}}],"line":545},"65":{"loc":{"start":{"line":545,"column":10},"end":{"line":545,"column":33}},"type":"binary-expr","locations":[{"start":{"line":545,"column":10},"end":{"line":545,"column":17}},{"start":{"line":545,"column":17},"end":{"line":545,"column":33}}],"line":545},"66":{"loc":{"start":{"line":549,"column":10},"end":{"line":549,"column":null}},"type":"if","locations":[{"start":{"line":549,"column":10},"end":{"line":549,"column":null}},{"start":{},"end":{}}],"line":549},"67":{"loc":{"start":{"line":551,"column":10},"end":{"line":553,"column":null}},"type":"if","locations":[{"start":{"line":551,"column":10},"end":{"line":553,"column":null}},{"start":{},"end":{}}],"line":551},"68":{"loc":{"start":{"line":552,"column":40},"end":{"line":552,"column":61}},"type":"binary-expr","locations":[{"start":{"line":552,"column":40},"end":{"line":552,"column":56}},{"start":{"line":552,"column":56},"end":{"line":552,"column":61}}],"line":552},"69":{"loc":{"start":{"line":554,"column":10},"end":{"line":556,"column":null}},"type":"if","locations":[{"start":{"line":554,"column":10},"end":{"line":556,"column":null}},{"start":{},"end":{}}],"line":554},"70":{"loc":{"start":{"line":555,"column":43},"end":{"line":555,"column":79}},"type":"binary-expr","locations":[{"start":{"line":555,"column":43},"end":{"line":555,"column":74}},{"start":{"line":555,"column":74},"end":{"line":555,"column":79}}],"line":555},"71":{"loc":{"start":{"line":559,"column":8},"end":{"line":561,"column":null}},"type":"if","locations":[{"start":{"line":559,"column":8},"end":{"line":561,"column":null}},{"start":{},"end":{}}],"line":559},"72":{"loc":{"start":{"line":562,"column":8},"end":{"line":564,"column":null}},"type":"if","locations":[{"start":{"line":562,"column":8},"end":{"line":564,"column":null}},{"start":{},"end":{}}],"line":562},"73":{"loc":{"start":{"line":581,"co
[...]
19],"15":[25,24],"16":[1,24],"17":[24,21],"18":[25,24],"19":[1,23],"20":[5,3],"21":[1,4],"22":[4,3],"23":[4,2],"24":[2,8],"25":[2,5],"26":[2,1],"27":[2,1],"28":[5,2],"29":[2,5],"30":[5,6,6],"31":[1,102],"32":[40,62],"33":[5,51],"34":[144,54],"35":[198,55],"36":[1,53],"37":[22,32],"38":[4,18],"39":[37,14],"40":[37,14],"41":[1,1],"42":[1,1],"43":[203,1],"44":[6,1],"45":[17,1],"46":[18,17],"47":[30,1],"48":[16,18,16],"49":[10,8],"50":[10,9,7],"51":[1,8],"52":[9,9],"53":[1,7],"54":[1,6],"55":[7,7],"56":[4,1],"57":[4,7],"58":[4,3],"59":[4,1],"60":[5,2],"61":[5,5],"62":[4,4],"63":[6,2],"64":[5,2],"65":[7,6],"66":[4,5],"67":[4,1],"68":[4,1],"69":[3,2],"70":[3,3],"71":[4,1],"72":[3,2],"73":[3,1],"74":[2,1],"75":[1,1],"76":[1,1],"77":[1,1],"78":[1,1],"79":[1,1],"80":[1,1],"81":[1,3],"82":[1,2],"83":[1,1],"84":[1,6],"85":[6,2],"86":[1,1],"87":[1,6],"88":[6,2],"89":[1,1],"90":[3,1],"91":[2,8],"92":[3,7],"93":[7,1],"94":[3,7],"95":[10,4],"96":[3,1],"97":[7,4],"98":[4,3],"99":[7,7],"100":[2,4],"101":[4,1],"102":[6,2],"103":[2,4],"104":[6,2],"105":[2,1],"106":[2,2],"107":[2,1],"108":[2,1],"109":[2,1],"110":[1,1],"111":[1,2],"112":[1,1],"113":[1,2]},"meta":{"lastBranch":114,"lastFunction":82,"lastStatement":418,"seen":{"s:3:16:3:Infinity":0,"b:3:16:3:48:3:48:3:Infinity":0,"s:4:18:4:Infinity":1,"s:5:26:5:Infinity":2,"f:7:9:7:35":0,"b:8:2:8:Infinity:undefined:undefined:undefined:undefined":1,"s:8:2:8:Infinity":3,"s:8:37:8:Infinity":4,"s:9:2:9:Infinity":5,"f:12:9:12:18":1,"s:13:2:13:Infinity":6,"b:14:2:14:Infinity:undefined:undefined:undefined:undefined":2,"s:14:2:14:Infinity":7,"s:14:20:14:Infinity":8,"f:17:9:17:22":2,"s:18:2:18:Infinity":9,"s:19:2:19:Infinity":10,"f:22:15:22:23":3,"s:23:42:23:Infinity":11,"s:24:16:24:Infinity":12,"b:25:2:27:Infinity:undefined:undefined:undefined:undefined":3,"s:25:2:27:Infinity":13,"s:26:4:26:Infinity":14,"b:28:2:30:Infinity:undefined:undefined:undefined:undefined":4,"s:28:2:30:Infinity":15,"s:29:4:29:Infinity":16,"s:31:14:35:Infinity":17,"b:34:17:34:40:34:40:34:Infinity":5,"s:36:2:36:Infinity":18,"s:95:20:95:Infinity":19,"s:96:24:96:Infinity":20,"s:98:79:103:Infinity":21,"s:105:21:105:Infinity":22,"f:107:9:107:23":4,"s:108:2:127:Infinity":23,"b:113:10:113:20:113:20:113:Infinity":6,"b:115:10:115:20:115:20:115:Infinity":7,"b:116:15:116:30:116:30:116:46:116:46:116:Infinity":8,"b:117:13:117:26:117:26:117:40:117:40:117:Infinity":9,"b:118:21:118:42:118:42:118:65:118:65:118:Infinity":10,"b:119:20:119:40:119:40:119:62:119:62:119:Infinity":11,"b:121:21:121:42:121:42:121:65:121:65:121:Infinity":12,"b:122:15:122:30:122:30:122:Infinity":13,"b:123:11:123:22:123:22:123:Infinity":14,"b:124:12:124:24:124:24:124:Infinity":15,"b:125:49:125:63:125:63:125:Infinity":16,"b:125:72:125:88:125:88:125:99":17,"b:126:12:126:25:126:25:126:Infinity":18,"b:126:50:126:61:126:61:126:Infinity":19,"f:130:9:130:26":5,"s:131:2:137:Infinity":24,"b:133:12:133:24:133:24:133:Infinity":20,"b:136:49:136:63:136:63:136:Infinity":21,"b:136:72:136:88:136:88:136:99":22,"s:141:20:141:Infinity":25,"s:142:26:142:Infinity":26,"s:143:16:143:Infinity":27,"s:144:52:144:Infinity":28,"s:145:19:145:Infinity":29,"s:146:18:146:Infinity":30,"s:147:18:147:Infinity":31,"s:148:21:154:Infinity":32,"f:156:16:156:29":6,"s:157:8:157:Infinity":33,"b:157:21:157:29:157:29:157:37":23,"s:158:13:158:Infinity":34,"s:159:2:161:Infinity":35,"s:159:15:159:18":36,"s:160:4:160:Infinity":37,"s:162:2:162:Infinity":38,"s:163:15:163:Infinity":39,"s:164:14:164:Infinity":40,"s:165:2:165:Infinity":41,"s:168:23:168:Infinity":42,"s:169:19:169:Infinity":43,"f:171:15:171:43":7,"s:172:16:172:Infinity":44,"b:173:2:173:Infinity:undefined:undefined:undefined:undefined":24,"s:173:2:173:Infinity":45,"s:173:14:173:Infinity":46,"s:175:2:202:Infinity":47,"s:176:17:176:Infinity":48,"b:178:4:184:Infinity:undefined:undefined:undefined:undefined":25,"s:178:4:184:Infinity":49,"s:179:6:183:Infinity":50,"b:181:14:181:35:181:35:181:Infinity":26,"b:182:18:182:43:182:43:182:Infinity":27,"s:186:4:186:Infinity":51,"b:187:4:191:Infinity:undefined:undefined:undefined:undefined":28,"s:187:4:191:Infinity":52,"s:188:6:190:Infinity":53,"f:188:29:188:30":8,"s:189:8:189:Infinity":54,"s:193:4:193:Infinity":55,"b:194:4:198:Infinity:undefined:undefined:undefined:undefined":29,"s:194:4:198:Infinity":56,"s:195:6:197:Infinity":57,"f:195:25:195:26":9,"s:196:8:196:Infinity":58,"s:199:4:199:Infinity":59,"s:201:4:201:Infinity":60,"s:205:19:205:Infinity":61,"s:206:14:206:Infinity":62,"f:208:16:208:41":10,"s:209:14:209:Infinity":63,"s:210:15:210:Infinity":64,"s:211:13:211:Infinity":65,"s:212:17:212:Infinity":66,"s:214:2:220:Infinity":67,"s:215:16:215:Infinity":68,"s:216:4:216:Infinity":69,"s:217:4:217:Infinity":70,"b:218:11:218:Infinity:219:4:219:Infinity:220:4:220:Infinity":30,"s:223:2:223:Infinity":71,"f:226:22:226:43":11,"b:227:2:227:Infinity:undefined:undefined:undefined:undefined":31,"s:227:2:227:Infinity":72,"s:227:37:227:Infinity":73,"s:230:24:230:Infinity":74,"b:231:2:233:Infinity:undefined:undefined:undefined:undefined":32,"s:231:2:233:Infinity":75,"s:232:4:232:Infinity":76,"s:236:15:236:Infinity":77,"b:237:2:240:Infinity:undefined:undefined:undefined:undefined":33,"s:237:2:240:Infinity":78,"s:238:4:238:Infinity":79,"s:239:4:239:Infinity":80,"s:242:2:242:Infinity":81,"s:243:2:243:Infinity":82,"s:244:2:244:Infinity":83,"s:246:2:246:Infinity":84,"s:249:24:249:Infinity":85,"f:251:9:251:16":12,"b:252:2:252:Infinity:undefined:undefined:undefined:undefined":34,"s:252:2:252:Infinity":86,"b:252:6:252:21:252:21:252:52":35,"s:252:52:252:Infinity":87,"s:253:2:253:Infinity":88,"s:256:2:263:Infinity":89,"s:257:24:257:Infinity":90,"b:258:4:260:Infinity:undefined:undefined:undefined:undefined":36,"s:258:4:260:Infinity":91,"s:259:6:259:Infinity":92,"s:262:4:262:Infinity":93,"s:266:16:266:Infinity":94,"b:267:2:287:Infinity:283:9:287:Infinity":37,"s:267:2:287:Infinity":95,"s:268:4:282:Infinity":96,"f:268:45:268:46":13,"b:269:6:281:Infinity:273:13:281:Infinity":38,"s:269:6:281:Infinity":97,"s:270:8:270:Infinity":98,"s:271:8:271:Infinity":99,"s:272:8:272:Infinity":100,"s:275:8:275:Infinity":101,"s:276:8:276:Infinity":102,"s:277:8:277:Infinity":103,"s:278:8:280:Infinity":104,"f:278:35:278:36":14,"s:279:10:279:Infinity":105,"s:284:4:286:Infinity":106,"f:284:31:284:32":15,"s:285:6:285:Infinity":107,"s:290:2:307:Infinity":108,"f:290:3:290:15":16,"s:291:4:306:Infinity":109,"s:292:40:295:Infinity":110,"b:297:6:299:Infinity:undefined:undefined:undefined:undefined":39,"s:297:6:299:Infinity":111,"s:298:8:298:Infinity":112,"b:300:6:302:Infinity:undefined:undefined:undefined:undefined":40,"s:300:6:302:Infinity":113,"s:301:8:301:Infinity":114,"s:303:6:303:Infinity":115,"s:305:6:305:Infinity":116,"s:310:2:327:Infinity":117,"f:310:29:310:41":17,"s:311:4:326:Infinity":118,"s:312:40:315:Infinity":119,"b:317:6:319:Infinity:undefined:undefined:undefined:undefined":41,"s:317:6:319:Infinity":120,"s:318:8:318:Infinity":121,"b:320:6:322:Infinity:undefined:undefined:undefined:undefined":42,"s:320:6:322:Infinity":122,"s:321:8:321:Infinity":123,"s:323:6:323:Infinity":124,"f:330:9:330:19":18,"b:331:2:337:Infinity:undefined:undefined:undefined:undefined":43,"s:331:2:337:Infinity":125,"s:332:4:336:Infinity":126,"s:333:6:333:Infinity":127,"s:335:6:335:Infinity":128,"s:338:2:338:Infinity":129,"s:339:2:339:Infinity":130,"f:339:20:339:21":19,"s:339:27:339:30":131,"f:342:16:342:26":20,"s:343:2:343:Infinity":132,"s:344:2:344:Infinity":133,"s:345:2:345:Infinity":134,"f:345:9:345:15":21,"s:345:15:345:Infinity":135,"f:348:9:348:20":22,"s:349:2:349:Infinity":136,"s:350:2:350:Infinity":137,"s:353:23:353:Infinity":138,"f:355:16:355:27":23,"s:356:2:356:Infinity":139,"f:356:51:356:57":24,"s:356:57:356:71":140,"f:359:16:359:27":25,"s:360:2:360:Infinity":141,"s:361:2:361:Infinity":142,"s:362:2:362:Infinity":143,"s:363:2:363:Infinity":144,"f:363:20:363:21":26,"s:363:27:363:30":145,"f:366:16:366:25":27,"s:367:2:367:Infinity":146,"s:368:2:368:Infinity":147,"s:369:2:369:Infinity":148,"f:372:16:372:28":28,"s:373:2:373:Infinity":149,"s:374:2:374:Infinity":150,"b:375:2:377:Infinity:undefined:undefined:undefined:undefined":44,"s:375:2:377:Infinity":151,"s:376:4:376:Infinity":152,"s:378:2:378:Infinity":153,"f:381:16:381:25":29,"s:382:2:382:Infinity":154,"s:383:2:383:Infinity":155,"f:383:44:383:50":30,"s:384:2:384:Infinity":156,"s:385:2:385:Infinity":157,"s:386:2:386:Infinity":158,"s:387:2:387:Infinity":159,"s:388:2:388:Infinity":160,"s:389:2:389:Infinity":161,"f:392:9:392:28":31,"b:393:2:395:Infinity:undefined:undefined:undefined:undefined":45,"s:393:2:395:Infinity":162,"b:393:6:393:39:393:39:393:80":46,"s:394:4:394:Infinity":163,"s:396:2:400:Infinity":164,"f:396:65:396:66":32,"s:397:15:397:Infinity":165,"s:398:14:398:Infinity":166,"b:398:26:398:31:398:31:398:Infinity":47,"s:399:4:399:Infinity":167,"f:403:16:403:31":33,"s:404:15:404:Infinity":168,"s:405:17:405:Infinity":169,"s:407:2:415:Infinity":170,"s:408:16:410:Infinity":171,"s:411:4:411:Infinity":172,"s:412:4:412:Infinity":173,"b:413:11:413:Infinity:414:4:414:Infinity:415:4:415:Infinity":48,"s:418:2:418:Infinity":174,"f:421:16:421:Infinity":34,"s:424:2:424:Infinity":175,"s:425:13:425:Infinity":176,"s:426:31:445:Infinity":177,"b:432:13:432:30:432:30:432:Infinity":49,"b:438:12:438:28:438:28:438:46:438:46:438:Infinity":50,"s:447:2:447:Infinity":178,"s:448:2:448:Infinity":179,"s:450:2:472:Infinity":180,"f:450:3:450:15":35,"s:451:4:471:Infinity":181,"s:452:6:452:Infinity":182,"s:453:18:465:Infinity":183,"b:466:6:468:Infinity:undefined:undefined:undefined:undefined":51,"s:466:6:468:Infinity":184,"b:466:10:466:17:466:17:466:33":52,"s:467:8:467:Infinity":185,"s:470:6:470:Infinity":186,"s:474:2:474:Infinity":187,"f:477:22:477:33":36,"s:478:2:478:Infinity":188,"s:479:13:479:Infinity":189,"s:480:37:486:Infinity":190,"b:484:19:484:35:484:35:484:Infinity":53,"s:488:2:488:Infinity":191,"s:489:2:489:Infinity":192,"s:491:2:501:Infinity":193,"f:491:3:491:15":37,"s:492:4:500:Infinity":194,"s:493:6:493:Infinity":195,"s:494:18:494:Infinity":196,"b:495:6:497:Infinity:undefined:undefined:undefined:undefined":54,"s:495:6:497:Infinity":197,"b:495:10:495:17:495:17:495:33":55,"s:496:8:496:Infinity":198,"s:499:6:499:Infinity":199,"s:503:2:503:Infinity":200,"f:506:22:506:37":38,"s:507:2:507:Infinity":201,"s:508:14:508:Infinity":202,"s:510:40:510:Infinity":203,"s:511:2:516:Infinity":204,"b:512:4:515:Infinity:undefined:undefined:undefined:undefined":56,"s:512:4:515:Infinity":205,"s:513:6:513:Infinity":206,"s:514:6:514:Infinity":207,"s:518:17:518:Infinity":208,"s:520:2:531:Infinity":209,"f:520:20:520:21":39,"b:521:4:521:Infinity:undefined:undefined:undefined:undefined":57,"s:521:4:521:Infinity":210,"s:521:25:521:Infinity":211,"s:522:22:522:Infinity":212,"b:524:4:526:Infinity:undefined:undefined:undefined:undefined":58,"s:524:4:526:Infinity":213,"s:525:6:525:Infinity":214,"b:525:49:525:80:525:80:525:85":59,"b:527:4:529:Infinity:undefined:undefined:undefined:undefined":60,"s:527:4:529:Infinity":215,"s:528:6:528:Infinity":216,"b:528:22:528:38:528:38:528:43":61,"s:530:4:530:Infinity":217,"b:533:2:535:Infinity:undefined:undefined:undefined:undefined":62,"s:533:2:535:Infinity":218,"s:534:4:534:Infinity":219,"b:536:2:538:Infinity:undefined:undefined:undefined:undefined":63,"s:536:2:538:Infinity":220,"s:537:4:537:Infinity":221,"s:539:2:539:Infinity":222,"s:541:2:570:Infinity":223,"f:541:3:541:15":40,"s:542:4:569:Infinity":224,"s:543:6:543:Infinity":225,"s:544:18:544:Infinity":226,"b:545:6:566:Infinity:undefined:undefined:undefined:undefined":64,"s:545:6:566:Infinity":227,"b:545:10:545:17:545:17:545:33":65,"s:546:8:546:Infinity":228,"s:548:8:558:Infinity":229,"f:548:26:548:27":41,"b:549:10:549:Infinity:undefined:undefined:undefined:undefined":66,"s:549:10:549:Infinity":230,"s:549:31:549:Infinity":231,"s:550:28:550:Infinity":232,"b:551:10:553:Infinity:undefined:undefined:undefined:undefined":67,"s:551:10:553:Infinity":233,"s:552:12:552:Infinity":234,"b:552:40:552:56:552:56:552:61":68,"b:554:10:556:Infinity:undefined:undefined:undefined:undefined":69,"s:554:10:556:Infinity":235,"s:555:12:555:Infinity":236,"b:555:43:555:74:555:74:555:79":70,"s:557:10:557:Infinity":237,"b:559:8:561:Infinity:undefined:undefined:undefined:undefined":71,"s:559:8:561:Infinity":238,"s:560:10:560:Infinity":239,"b:562:8:564:Infinity:undefined:undefined:undefined:undefined":72,"s:562:8:564:Infinity":240,"s:563:10:563:Infinity":241,"s:565:8:565:Infinity":242,"s:568:6:568:Infinity":243,"f:573:16:573:27":42,"s:574:2:574:Infinity":244,"f:577:22:577:32":43,"s:578:2:578:Infinity":245,"s:579:2:579:Infinity":246,"s:580:2:582:Infinity":247,"f:580:20:580:21":44,"s:581:4:581:Infinity":248,"b:581:22:581:99:581:99:581:Infinity":73,"b:581:69:581:80:581:80:581:95":74,"s:583:2:583:Infinity":249,"s:585:2:585:Infinity":250,"f:588:22:588:35":45,"s:589:2:589:Infinity":251,"s:590:2:590:Infinity":252,"s:591:15:591:Infinity":253,"f:591:26:591:27":46,"s:591:33:591:48":254,"b:592:2:592:Infinity:undefined:undefined:undefined:undefined":75,"s:592:2:592:Infinity":255,"s:592:13:592:Infinity":256,"s:593:20:593:Infinity":257,"s:594:2:594:Infinity":258,"f:594:20:594:21":47,"s:594:28:594:78":259,"b:594:46:594:76:594:76:594:78":76,"s:595:2:595:Infinity":260,"s:597:2:597:Infinity":261,"f:600:22:600:33":48,"s:601:2:601:Infinity":262,"s:602:2:602:Infinity":263,"s:603:2:603:Infinity":264,"f:603:23:603:24":49,"s:603:30:603:45":265,"s:604:2:604:Infinity":266,"f:604:29:604:30":50,"s:604:36:604:55":267,"s:605:2:605:Infinity":268,"s:607:2:607:Infinity":269,"f:610:22:610:Infinity":51,"s:614:2:614:Infinity":270,"s:615:2:615:Infinity":271,"s:616:2:616:Infinity":272,"f:616:20:616:21":52,"s:616:28:616:71":273,"b:616:46:616:69:616:69:616:71":77,"s:617:2:617:Infinity":274,"s:619:14:619:Infinity":275,"b:620:2:623:Infinity:undefined:undefined:undefined:undefined":78,"s:620:2:623:Infinity":276,"s:621:4:621:Infinity":277,"s:622:4:622:Infinity":278,"f:626:22:626:36":53,"s:627:2:627:Infinity":279,"s:628:2:628:Infinity":280,"s:629:2:629:Infinity":281,"f:629:29:629:30":54,"s:629:36:629:54":282,"s:630:2:630:Infinity":283,"s:632:14:632:Infinity":284,"b:633:2:636:Infinity:undefined:undefined:undefined:undefined":79,"s:633:2:636:Infinity":285,"s:634:4:634:Infinity":286,"s:635:4:635:Infinity":287,"f:639:22:639:36":55,"s:640:2:640:Infinity":288,"s:641:2:641:Infinity":289,"s:643:14:643:Infinity":290,"b:644:2:647:Infinity:undefined:undefined:undefined:undefined":80,"s:644:2:647:Infinity":291,"s:645:4:645:Infinity":292,"s:646:4:646:Infinity":293,"f:650:16:650:24":56,"s:651:12:651:Infinity":294,"b:652:2:652:Infinity:undefined:undefined:undefined:undefined":81,"s:652:2:652:Infinity":295,"s:652:14:652:Infinity":296,"b:653:2:653:Infinity:undefined:undefined:undefined:undefined":82,"s:653:2:653:Infinity":297,"s:653:16:653:Infinity":298,"b:654:2:654:Infinity:undefined:undefined:undefined:undefined":83,"s:654:2:654:Infinity":299,"s:654:17:654:Infinity":300,"s:655:2:655:Infinity":301,"s:666:24:666:Infinity":302,"f:667:9:667:39":57,"b:668:2:668:Infinity:undefined:undefined:undefined:undefined":84,"s:668:2:668:Infinity":303,"s:668:37:668:Infinity":304,"s:669:2:670:Infinity":305,"s:669:8:669:83":306,"b:669:34:669:75:669:75:669:79":85,"s:670:10:670:28":307,"f:672:16:672:31":58,"s:673:2:673:Infinity":308,"s:674:12:674:Infinity":309,"b:675:2:679:Infinity:677:9:679:Infinity":86,"s:675:2:679:Infinity":310,"s:676:4:676:Infinity":311,"s:678:4:678:Infinity":312,"s:680:2:680:Infinity":313,"s:681:2:681:Infinity":314,"f:683:16:683:28":59,"s:684:2:684:Infinity":315,"s:688:27:688:Infinity":316,"f:689:9:689:42":60,"b:690:2:690:Infinity:undefined:undefined:undefined:undefined":87,"s:690:2:690:Infinity":317,"s:690:37:690:Infinity":318,"s:691:2:692:Infinity":319,"s:691:8:691:86":320,"b:691:34:691:78:691:78:691:82":88,"s:692:10:692:28":321,"f:694:16:694:34":61,"s:695:2:695:Infinity":322,"s:696:12:696:Infinity":323,"b:697:2:701:Infinity:699:9:701:Infinity":89,"s:697:2:701:Infinity":324,"s:698:4:698:Infinity":325,"s:700:4:700:Infinity":326,"s:702:2:702:Infinity":327,"s:703:2:703:Infinity":328,"f:705:16:705:31":62,"s:706:2:706:Infinity":329,"s:708:31:708:Infinity":330,"s:711:25:718:Infinity":331,"f:720:16:720:61":63,"s:721:22:721:Infinity":332,"s:722:25:722:Infinity":333,"s:723:14:723:Infinity":334,"s:724:22:724:Infinity":335,"s:725:21:725:Infinity":336,"s:726:8:726:Infinity":337,"s:728:19:728:Infinity":338,"s:729:22:729:Infinity":339,"s:731:2:734:Infinity":340,"f:737:9:737:37":64,"s:738:14:738:Infinity":341,"s:739:14:739:Infinity":342,"s:740:8:740:Infinity":343,"b:740:8:740:48:740:48:740:Infinity":90,"s:741:15:741:Infinity":344,"s:742:2:742:Infinity":345,"s:743:2:743:Infinity":346,"s:744:2:744:Infinity":347,"f:747:16:747:26":65,"s:748:2:748:Infinity":348,"s:749:26:749:Infinity":349,"b:750:2:750:Infinity:undefined:undefined:undefined:undefined":91,"s:750:2:750:Infinity":350,"s:750:35:750:Infinity":351,"s:752:2:762:Infinity":352,"f:752:20:752:21":66,"b:753:4:753:Infinity:undefined:undefined:undefined:undefined":92,"s:753:4:753:Infinity":353,"s:753:25:753:Infinity":354,"s:754:18:754:Infinity":355,"b:754:24:754:35:754:35:754:68":93,"b:756:4:758:Infinity:undefined:undefined:undefined:undefined":94,"s:756:4:758:Infinity":356,"b:756:8:756:42:756:42:756:77":95,"s:757:6:757:Infinity":357,"b:757:44:757:70:757:70:757:75":96,"s:759:4:759:Infinity":358,"b:759:22:759:40:759:40:759:45":97,"s:761:4:761:Infinity":359,"s:764:2:764:Infinity":360,"s:765:2:765:Infinity":361,"s:767:2:793:Infinity":362,"f:767:3:767:15":67,"s:768:4:792:Infinity":363,"s:769:6:769:Infinity":364,"s:770:18:770:Infinity":365,"b:771:6:789:Infinity:undefined:undefined:undefined:undefined":98,"s:771:6:789:Infinity":366,"b:771:10:771:17:771:17:771:33":99,"s:772:8:772:Infinity":367,"s:774:8:782:Infinity":368,"f:774:26:774:27":68,"b:775:10:775:Infinity:undefined:undefined:undefined:undefined":100,"s:775:10:775:Infinity":369,"s:775:31:775:Infinity":370,"s:776:24:776:Infinity":371,"b:776:30:776:41:776:41:776:74":101,"s:777:10:777:Infinity":372,"b:777:40:777:58:777:58:777:63":102,"b:778:10:780:Infinity:undefined:undefined:undefined:undefined":103,"s:778:10:780:Infinity":373,"b:778:14:778:48:778:48:778:83":104,"s:779:12:779:Infinity":374,"b:779:38:779:64:779:64:779:69":105,"s:781:10:781:Infinity":375,"b:783:8:787:Infinity:785:15:787:Infinity":106,"s:783:8:787:Infinity":376,"s:784:10:784:Infinity":377,"s:786:10:786:Infinity":378,"s:788:8:788:Infinity":379,"s:791:6:791:Infinity":380,"f:796:16:796:30":69,"s:797:2:797:Infinity":381,"s:798:15:798:Infinity":382,"f:798:26:798:27":70,"s:798:33:798:48":383,"s:799:16:799:Infinity":384,"b:799:16:799:31:799:31:799:Infinity":107,"s:800:8:800:Infinity":385,"b:800:17:800:35:800:35:800:41":108,"b:800:41:800:62:800:62:800:Infinity":109,"b:801:2:803:Infinity:undefined:undefined:undefined:undefined":110,"s:801:2:803:Infinity":386,"s:802:4:802:Infinity":387,"s:804:21:804:Infinity":388,"s:805:24:805:Infinity":389,"s:806:2:806:Infinity":390,"f:810:16:810:25":71,"s:811:20:811:Infinity":391,"s:813:17:813:Infinity":392,"s:815:15:815:Infinity":393,"b:816:2:834:Infinity:825:2:834:Infinity":111,"s:816:2:834:Infinity":394,"s:817:4:824:Infinity":395,"f:817:18:817:19":72,"s:818:20:822:Infinity":396,"f:818:20:818:21":73,"s:819:22:819:Infinity":397,"f:819:56:819:57":74,"s:819:68:819:77":398,"s:820:14:820:Infinity":399,"s:821:8:821:Infinity":400,"s:823:6:823:Infinity":401,"b:825:2:834:Infinity:831:9:834:Infinity":112,"s:825:2:834:Infinity":402,"s:826:4:830:Infinity":403,"f:826:18:826:19":75,"s:827:21:827:Infinity":404,"f:827:55:827:56":76,"s:827:67:827:76":405,"s:828:21:828:Infinity":406,"f:828:55:828:56":77,"s:828:67:828:76":407,"s:829:6:829:Infinity":408,"s:833:4:833:Infinity":409,"f:833:18:833:19":78,"s:833:28:833:53":410,"b:836:2:838:Infinity:undefined:undefined:undefined:undefined":113,"s:836:2:838:Infinity":411,"s:837:4:837:Infinity":412,"f:837:31:837:32":79,"s:837:38:837:69":413,"s:840:2:840:Infinity":414,"f:843:16:843:28":80,"s:844:23:844:Infinity":415,"s:845:2:845:Infinity":416,"f:845:25:845:26":81,"s:845:32:845:51":417}}}
}
